This is pdfTeX, Version 3.14159265-2.6-1.40.21 (TeX Live 2020/W32TeX) (preloaded format=pdflatex 2024.9.10)  8 OCT 2024 23:15
entering extended mode
 restricted \write18 enabled.
 %&-line parsing enabled.
**"Report 01.tex"
(./Report 01.tex
LaTeX2e <2020-02-02> patch level 5
L3 programming layer <2020-03-06>
(c:/texlive/2020/texmf-dist/tex/latex/base/article.cls
Document Class: article 2019/12/20 v1.4l Standard LaTeX document class
(c:/texlive/2020/texmf-dist/tex/latex/base/size12.clo
File: size12.clo 2019/12/20 v1.4l Standard LaTeX file (size option)
)
\c@part=\count167
\c@section=\count168
\c@subsection=\count169
\c@subsubsection=\count170
\c@paragraph=\count171
\c@subparagraph=\count172
\c@figure=\count173
\c@table=\count174
\abovecaptionskip=\skip47
\belowcaptionskip=\skip48
\bibindent=\dimen134
)
(c:/texlive/2020/texmf-dist/tex/latex/blindtext/blindtext.sty
Package: blindtext 2012/01/06 V2.0 blindtext-Package

(c:/texlive/2020/texmf-dist/tex/latex/tools/xspace.sty
Package: xspace 2014/10/28 v1.13 Space after command names (DPC,MH)
)
\c@blindtext=\count175
\c@Blindtext=\count176
\c@blind@countparstart=\count177
\blind@countxx=\count178
\blindtext@numBlindtext=\count179
\blind@countyy=\count180
\c@blindlist=\count181
\c@blindlistlevel=\count182
\c@blindlist@level=\count183
\blind@listitem=\count184
\c@blind@listcount=\count185
\c@blind@levelcount=\count186
\blind@mathformula=\count187
\blind@Mathformula=\count188
\c@blind@randomcount=\count189
\c@blind@randommax=\count190
\c@blind@pangramcount=\count191
\c@blind@pangrammax=\count192
)
(c:/texlive/2020/texmf-dist/tex/latex/accsupp/accsupp.sty
Package: accsupp 2019/12/05 v0.6 Accessibility support by marked content (HO)

(c:/texlive/2020/texmf-dist/tex/generic/pdfescape/pdfescape.sty
Package: pdfescape 2019/12/09 v1.15 Implements pdfTeX's escape features (HO)

(c:/texlive/2020/texmf-dist/tex/generic/ltxcmds/ltxcmds.sty
Package: ltxcmds 2019/12/15 v1.24 LaTeX kernel commands for general use (HO)
)
(c:/texlive/2020/texmf-dist/tex/latex/pdftexcmds/pdftexcmds.sty
Package: pdftexcmds 2019/11/24 v0.31 Utility functions of pdfTeX for LuaTeX (HO
)

(c:/texlive/2020/texmf-dist/tex/generic/infwarerr/infwarerr.sty
Package: infwarerr 2019/12/03 v1.5 Providing info/warning/error messages (HO)
)
(c:/texlive/2020/texmf-dist/tex/generic/iftex/iftex.sty
Package: iftex 2020/03/06 v1.0d TeX engine tests
)
Package pdftexcmds Info: \pdf@primitive is available.
Package pdftexcmds Info: \pdf@ifprimitive is available.
Package pdftexcmds Info: \pdfdraftmode found.
))
(c:/texlive/2020/texmf-dist/tex/latex/kvoptions/kvoptions.sty
Package: kvoptions 2019/11/29 v3.13 Key value format for package options (HO)

(c:/texlive/2020/texmf-dist/tex/latex/graphics/keyval.sty
Package: keyval 2014/10/28 v1.15 key=value parser (DPC)
\KV@toks@=\toks15
)
(c:/texlive/2020/texmf-dist/tex/generic/kvsetkeys/kvsetkeys.sty
Package: kvsetkeys 2019/12/15 v1.18 Key value parser (HO)
))
(c:/texlive/2020/texmf-dist/tex/latex/accsupp/accsupp-pdftex.def
File: accsupp-pdftex.def 2019/12/05 v0.6 accsupp driver for pdfTeX (HO)
))
(c:/texlive/2020/texmf-dist/tex/latex/hyperref/hyperref.sty
Package: hyperref 2020/01/14 v7.00d Hypertext links for LaTeX

(c:/texlive/2020/texmf-dist/tex/generic/kvdefinekeys/kvdefinekeys.sty
Package: kvdefinekeys 2019-12-19 v1.6 Define keys (HO)
)
(c:/texlive/2020/texmf-dist/tex/latex/hycolor/hycolor.sty
Package: hycolor 2020-01-27 v1.10 Color options for hyperref/bookmark (HO)
)
(c:/texlive/2020/texmf-dist/tex/latex/letltxmacro/letltxmacro.sty
Package: letltxmacro 2019/12/03 v1.6 Let assignment for LaTeX macros (HO)
)
(c:/texlive/2020/texmf-dist/tex/latex/auxhook/auxhook.sty
Package: auxhook 2019-12-17 v1.6 Hooks for auxiliary files (HO)
)
\@linkdim=\dimen135
\Hy@linkcounter=\count193
\Hy@pagecounter=\count194

(c:/texlive/2020/texmf-dist/tex/latex/hyperref/pd1enc.def
File: pd1enc.def 2020/01/14 v7.00d Hyperref: PDFDocEncoding definition (HO)
Now handling font encoding PD1 ...
... no UTF-8 mapping file for font encoding PD1
)
(c:/texlive/2020/texmf-dist/tex/generic/intcalc/intcalc.sty
Package: intcalc 2019/12/15 v1.3 Expandable calculations with integers (HO)
)
(c:/texlive/2020/texmf-dist/tex/generic/etexcmds/etexcmds.sty
Package: etexcmds 2019/12/15 v1.7 Avoid name clashes with e-TeX commands (HO)
)
\Hy@SavedSpaceFactor=\count195
Package hyperref Info: Hyper figures OFF on input line 4547.
Package hyperref Info: Link nesting OFF on input line 4552.
Package hyperref Info: Hyper index ON on input line 4555.
Package hyperref Info: Plain pages OFF on input line 4562.
Package hyperref Info: Backreferencing OFF on input line 4567.
Package hyperref Info: Implicit mode ON; LaTeX internals redefined.
Package hyperref Info: Bookmarks ON on input line 4800.
\c@Hy@tempcnt=\count196

(c:/texlive/2020/texmf-dist/tex/latex/url/url.sty
\Urlmuskip=\muskip16
Package: url 2013/09/16  ver 3.4  Verb mode for urls, etc.
)
LaTeX Info: Redefining \url on input line 5159.
\XeTeXLinkMargin=\dimen136

(c:/texlive/2020/texmf-dist/tex/generic/bitset/bitset.sty
Package: bitset 2019/12/09 v1.3 Handle bit-vector datatype (HO)

(c:/texlive/2020/texmf-dist/tex/generic/bigintcalc/bigintcalc.sty
Package: bigintcalc 2019/12/15 v1.5 Expandable calculations on big integers (HO
)
))
\Fld@menulength=\count197
\Field@Width=\dimen137
\Fld@charsize=\dimen138
Package hyperref Info: Hyper figures OFF on input line 6430.
Package hyperref Info: Link nesting OFF on input line 6435.
Package hyperref Info: Hyper index ON on input line 6438.
Package hyperref Info: backreferencing OFF on input line 6445.
Package hyperref Info: Link coloring OFF on input line 6450.
Package hyperref Info: Link coloring with OCG OFF on input line 6455.
Package hyperref Info: PDF/A mode OFF on input line 6460.
LaTeX Info: Redefining \ref on input line 6500.
LaTeX Info: Redefining \pageref on input line 6504.

(c:/texlive/2020/texmf-dist/tex/generic/atbegshi/atbegshi.sty
Package: atbegshi 2019/12/05 v1.19 At begin shipout hook (HO)
)
\Hy@abspage=\count198
\c@Item=\count199
\c@Hfootnote=\count266
)
Package hyperref Info: Driver (autodetected): hpdftex.

(c:/texlive/2020/texmf-dist/tex/latex/hyperref/hpdftex.def
File: hpdftex.def 2020/01/14 v7.00d Hyperref driver for pdfTeX

(c:/texlive/2020/texmf-dist/tex/latex/atveryend/atveryend.sty
Package: atveryend 2019-12-11 v1.11 Hooks at the very end of document (HO)
Package atveryend Info: \enddocument detected (standard20110627).
)
\Fld@listcount=\count267
\c@bookmark@seq@number=\count268

(c:/texlive/2020/texmf-dist/tex/latex/rerunfilecheck/rerunfilecheck.sty
Package: rerunfilecheck 2019/12/05 v1.9 Rerun checks for auxiliary files (HO)

(c:/texlive/2020/texmf-dist/tex/generic/uniquecounter/uniquecounter.sty
Package: uniquecounter 2019/12/15 v1.4 Provide unlimited unique counter (HO)
)
Package uniquecounter Info: New unique counter `rerunfilecheck' on input line 2
86.
)
\Hy@SectionHShift=\skip49
)
(c:/texlive/2020/texmf-dist/tex/latex/amsfonts/amssymb.sty
Package: amssymb 2013/01/14 v3.01 AMS font symbols

(c:/texlive/2020/texmf-dist/tex/latex/amsfonts/amsfonts.sty
Package: amsfonts 2013/01/14 v3.01 Basic AMSFonts support
\@emptytoks=\toks16
\symAMSa=\mathgroup4
\symAMSb=\mathgroup5
LaTeX Font Info:    Redeclaring math symbol \hbar on input line 98.
LaTeX Font Info:    Overwriting math alphabet `\mathfrak' in version `bold'
(Font)                  U/euf/m/n --> U/euf/b/n on input line 106.
))
(c:/texlive/2020/texmf-dist/tex/latex/wasysym/wasysym.sty
Package: wasysym 2020/01/19 v2.4 Wasy-2 symbol support package
\symwasy=\mathgroup6
LaTeX Font Info:    Overwriting symbol font `wasy' in version `bold'
(Font)                  U/wasy/m/n --> U/wasy/b/n on input line 93.
)
(c:/texlive/2020/texmf-dist/tex/latex/jknapltx/mathrsfs.sty
Package: mathrsfs 1996/01/01 Math RSFS package v1.0 (jk)
\symrsfs=\mathgroup7
)
(c:/texlive/2020/texmf-dist/tex/latex/base/inputenc.sty
Package: inputenc 2018/08/11 v1.3c Input encoding file
\inpenc@prehook=\toks17
\inpenc@posthook=\toks18
)
(c:/texlive/2020/texmf-dist/tex/latex/physics/physics.sty
Package: physics 

(c:/texlive/2020/texmf-dist/tex/latex/l3packages/xparse/xparse.sty
(c:/texlive/2020/texmf-dist/tex/latex/l3kernel/expl3.sty
Package: expl3 2020-03-06 L3 programming layer (loader) 

(c:/texlive/2020/texmf-dist/tex/latex/l3backend/l3backend-pdfmode.def
File: l3backend-pdfmode.def 2020-03-12 L3 backend support: PDF mode
\l__kernel_color_stack_int=\count269
\l__pdf_internal_box=\box45
))
Package: xparse 2020-03-06 L3 Experimental document command parser
\l__xparse_current_arg_int=\count270
\g__xparse_grabber_int=\count271
\l__xparse_m_args_int=\count272
\l__xparse_v_nesting_int=\count273
)
(c:/texlive/2020/texmf-dist/tex/latex/amsmath/amsmath.sty
Package: amsmath 2020/01/20 v2.17e AMS math features
\@mathmargin=\skip50

For additional information on amsmath, use the `?' option.
(c:/texlive/2020/texmf-dist/tex/latex/amsmath/amstext.sty
Package: amstext 2000/06/29 v2.01 AMS text

(c:/texlive/2020/texmf-dist/tex/latex/amsmath/amsgen.sty
File: amsgen.sty 1999/11/30 v2.0 generic functions
\@emptytoks=\toks19
\ex@=\dimen139
))
(c:/texlive/2020/texmf-dist/tex/latex/amsmath/amsbsy.sty
Package: amsbsy 1999/11/29 v1.2d Bold Symbols
\pmbraise@=\dimen140
)
(c:/texlive/2020/texmf-dist/tex/latex/amsmath/amsopn.sty
Package: amsopn 2016/03/08 v2.02 operator names
)
\inf@bad=\count274
LaTeX Info: Redefining \frac on input line 227.
\uproot@=\count275
\leftroot@=\count276
LaTeX Info: Redefining \overline on input line 389.
\classnum@=\count277
\DOTSCASE@=\count278
LaTeX Info: Redefining \ldots on input line 486.
LaTeX Info: Redefining \dots on input line 489.
LaTeX Info: Redefining \cdots on input line 610.


! LaTeX Error: Command \iint already defined.
               Or name \end... illegal, see p.192 of the manual.

See the LaTeX manual or LaTeX Companion for explanation.
Type  H <return>  for immediate help.
 ...                                              
                                                  
l.649 ...d{\iint}{\DOTSI\protect\MultiIntegral{2}}
                                                  
Your command was ignored.
Type  I <command> <return>  to replace it with another command,
or  <return>  to continue without it.


! LaTeX Error: Command \iiint already defined.
               Or name \end... illegal, see p.192 of the manual.

See the LaTeX manual or LaTeX Companion for explanation.
Type  H <return>  for immediate help.
 ...                                              
                                                  
l.650 ...{\iiint}{\DOTSI\protect\MultiIntegral{3}}
                                                  
Your command was ignored.
Type  I <command> <return>  to replace it with another command,
or  <return>  to continue without it.

\Mathstrutbox@=\box46
\strutbox@=\box47
\big@size=\dimen141
LaTeX Font Info:    Redeclaring font encoding OML on input line 733.
LaTeX Font Info:    Redeclaring font encoding OMS on input line 734.
\macc@depth=\count279
\c@MaxMatrixCols=\count280
\dotsspace@=\muskip17
\c@parentequation=\count281
\dspbrk@lvl=\count282
\tag@help=\toks20
\row@=\count283
\column@=\count284
\maxfields@=\count285
\andhelp@=\toks21
\eqnshift@=\dimen142
\alignsep@=\dimen143
\tagshift@=\dimen144
\tagwidth@=\dimen145
\totwidth@=\dimen146
\lineht@=\dimen147
\@envbody=\toks22
\multlinegap=\skip51
\multlinetaggap=\skip52
\mathdisplay@stack=\toks23
LaTeX Info: Redefining \[ on input line 2859.
LaTeX Info: Redefining \] on input line 2860.
)) (c:/texlive/2020/texmf-dist/tex/latex/anyfontsize/anyfontsize.sty
Package: anyfontsize 2007/11/22 anyfontsize.sty by pts
)
(c:/texlive/2020/texmf-dist/tex/latex/mathtools/mathtools.sty
Package: mathtools 2020/03/24 v1.24 mathematical typesetting tools

(c:/texlive/2020/texmf-dist/tex/latex/tools/calc.sty
Package: calc 2017/05/25 v4.3 Infix arithmetic (KKT,FJ)
\calc@Acount=\count286
\calc@Bcount=\count287
\calc@Adimen=\dimen148
\calc@Bdimen=\dimen149
\calc@Askip=\skip53
\calc@Bskip=\skip54
LaTeX Info: Redefining \setlength on input line 80.
LaTeX Info: Redefining \addtolength on input line 81.
\calc@Ccount=\count288
\calc@Cskip=\skip55
)
(c:/texlive/2020/texmf-dist/tex/latex/mathtools/mhsetup.sty
Package: mhsetup 2017/03/31 v1.3 programming setup (MH)
)
LaTeX Info: Thecontrolsequence`\('isalreadyrobust on input line 130.
LaTeX Info: Thecontrolsequence`\)'isalreadyrobust on input line 130.
LaTeX Info: Thecontrolsequence`\['isalreadyrobust on input line 130.
LaTeX Info: Thecontrolsequence`\]'isalreadyrobust on input line 130.
\g_MT_multlinerow_int=\count289
\l_MT_multwidth_dim=\dimen150
\origjot=\skip56
\l_MT_shortvdotswithinadjustabove_dim=\dimen151
\l_MT_shortvdotswithinadjustbelow_dim=\dimen152
\l_MT_above_intertext_sep=\dimen153
\l_MT_below_intertext_sep=\dimen154
\l_MT_above_shortintertext_sep=\dimen155
\l_MT_below_shortintertext_sep=\dimen156
\xmathstrut@box=\box48
\xmathstrut@dim=\dimen157
)
(c:/texlive/2020/texmf-dist/tex/latex/geometry/geometry.sty
Package: geometry 2020/01/02 v5.9 Page Geometry

(c:/texlive/2020/texmf-dist/tex/generic/iftex/ifvtex.sty
Package: ifvtex 2019/10/25 v1.7 ifvtex legacy package. Use iftex instead.
)
\Gm@cnth=\count290
\Gm@cntv=\count291
\c@Gm@tempcnt=\count292
\Gm@bindingoffset=\dimen158
\Gm@wd@mp=\dimen159
\Gm@odd@mp=\dimen160
\Gm@even@mp=\dimen161
\Gm@layoutwidth=\dimen162
\Gm@layoutheight=\dimen163
\Gm@layouthoffset=\dimen164
\Gm@layoutvoffset=\dimen165
\Gm@dimlist=\toks24
)
(c:/texlive/2020/texmf-dist/tex/latex/xcolor/xcolor.sty
Package: xcolor 2016/05/11 v2.12 LaTeX color extensions (UK)

(c:/texlive/2020/texmf-dist/tex/latex/graphics-cfg/color.cfg
File: color.cfg 2016/01/02 v1.6 sample color configuration
)
Package xcolor Info: Driver file: pdftex.def on input line 225.

(c:/texlive/2020/texmf-dist/tex/latex/graphics-def/pdftex.def
File: pdftex.def 2018/01/08 v1.0l Graphics/color driver for pdftex
)
Package xcolor Info: Model `cmy' substituted by `cmy0' on input line 1348.
Package xcolor Info: Model `hsb' substituted by `rgb' on input line 1352.
Package xcolor Info: Model `RGB' extended on input line 1364.
Package xcolor Info: Model `HTML' substituted by `rgb' on input line 1366.
Package xcolor Info: Model `Hsb' substituted by `hsb' on input line 1367.
Package xcolor Info: Model `tHsb' substituted by `hsb' on input line 1368.
Package xcolor Info: Model `HSB' substituted by `hsb' on input line 1369.
Package xcolor Info: Model `Gray' substituted by `gray' on input line 1370.
Package xcolor Info: Model `wave' substituted by `hsb' on input line 1371.
)
(c:/texlive/2020/texmf-dist/tex/latex/fancyhdr/fancyhdr.sty
Package: fancyhdr 2019/01/31 v3.10 Extensive control of page headers and footer
s
\f@nch@headwidth=\skip57
\f@nch@O@elh=\skip58
\f@nch@O@erh=\skip59
\f@nch@O@olh=\skip60
\f@nch@O@orh=\skip61
\f@nch@O@elf=\skip62
\f@nch@O@erf=\skip63
\f@nch@O@olf=\skip64
\f@nch@O@orf=\skip65
)
(c:/texlive/2020/texmf-dist/tex/latex/textgreek/textgreek.sty
Package: textgreek 2011/10/09 v0.7 Greek symbols in text
Package textgreek Info: Loading the definitions for the Greek fontencoding. on 
input line 39.

(c:/texlive/2020/texmf-dist/tex/latex/greek-fontenc/lgrenc.def
File: lgrenc.def 2019/07/09 v0.13.3 LGR Greek font encoding definitions
Now handling font encoding LGR ...
... processing UTF-8 mapping file for font encoding LGR

(c:/texlive/2020/texmf-dist/tex/latex/greek-inputenc/lgrenc.dfu
File: lgrenc.dfu 2019/07/11 1.7 UTF-8 support for Greek
   defining Unicode char U+00A8 (decimal 168)
   defining Unicode char U+00AB (decimal 171)
   defining Unicode char U+00AF (decimal 175)
   defining Unicode char U+00B4 (decimal 180)
   defining Unicode char U+00B7 (decimal 183)
   defining Unicode char U+00BB (decimal 187)
   defining Unicode char U+0259 (decimal 601)
   defining Unicode char U+02D8 (decimal 728)
   defining Unicode char U+0374 (decimal 884)
   defining Unicode char U+0375 (decimal 885)
   defining Unicode char U+037A (decimal 890)
   defining Unicode char U+037E (decimal 894)
   defining Unicode char U+0384 (decimal 900)
   defining Unicode char U+0385 (decimal 901)
   defining Unicode char U+0386 (decimal 902)
   defining Unicode char U+0387 (decimal 903)
   defining Unicode char U+0388 (decimal 904)
   defining Unicode char U+0389 (decimal 905)
   defining Unicode char U+038A (decimal 906)
   defining Unicode char U+038C (decimal 908)
   defining Unicode char U+038E (decimal 910)
   defining Unicode char U+038F (decimal 911)
   defining Unicode char U+0390 (decimal 912)
   defining Unicode char U+0391 (decimal 913)
   defining Unicode char U+0392 (decimal 914)
   defining Unicode char U+0393 (decimal 915)
   defining Unicode char U+0394 (decimal 916)
   defining Unicode char U+0395 (decimal 917)
   defining Unicode char U+0396 (decimal 918)
   defining Unicode char U+0397 (decimal 919)
   defining Unicode char U+0398 (decimal 920)
   defining Unicode char U+0399 (decimal 921)
   defining Unicode char U+039A (decimal 922)
   defining Unicode char U+039B (decimal 923)
   defining Unicode char U+039C (decimal 924)
   defining Unicode char U+039D (decimal 925)
   defining Unicode char U+039E (decimal 926)
   defining Unicode char U+039F (decimal 927)
   defining Unicode char U+03A0 (decimal 928)
   defining Unicode char U+03A1 (decimal 929)
   defining Unicode char U+03A3 (decimal 931)
   defining Unicode char U+03A4 (decimal 932)
   defining Unicode char U+03A5 (decimal 933)
   defining Unicode char U+03A6 (decimal 934)
   defining Unicode char U+03A7 (decimal 935)
   defining Unicode char U+03A8 (decimal 936)
   defining Unicode char U+03A9 (decimal 937)
   defining Unicode char U+03AA (decimal 938)
   defining Unicode char U+03AB (decimal 939)
   defining Unicode char U+03AC (decimal 940)
   defining Unicode char U+03AD (decimal 941)
   defining Unicode char U+03AE (decimal 942)
   defining Unicode char U+03AF (decimal 943)
   defining Unicode char U+03B0 (decimal 944)
   defining Unicode char U+03B1 (decimal 945)
   defining Unicode char U+03B2 (decimal 946)
   defining Unicode char U+03B3 (decimal 947)
   defining Unicode char U+03B4 (decimal 948)
   defining Unicode char U+03B5 (decimal 949)
   defining Unicode char U+03B6 (decimal 950)
   defining Unicode char U+03B7 (decimal 951)
   defining Unicode char U+03B8 (decimal 952)
   defining Unicode char U+03B9 (decimal 953)
   defining Unicode char U+03BA (decimal 954)
   defining Unicode char U+03BB (decimal 955)
   defining Unicode char U+03BC (decimal 956)
   defining Unicode char U+03BD (decimal 957)
   defining Unicode char U+03BE (decimal 958)
   defining Unicode char U+03BF (decimal 959)
   defining Unicode char U+03C0 (decimal 960)
   defining Unicode char U+03C1 (decimal 961)
   defining Unicode char U+03C2 (decimal 962)
   defining Unicode char U+03C3 (decimal 963)
   defining Unicode char U+03C4 (decimal 964)
   defining Unicode char U+03C5 (decimal 965)
   defining Unicode char U+03C6 (decimal 966)
   defining Unicode char U+03C7 (decimal 967)
   defining Unicode char U+03C8 (decimal 968)
   defining Unicode char U+03C9 (decimal 969)
   defining Unicode char U+03CA (decimal 970)
   defining Unicode char U+03CB (decimal 971)
   defining Unicode char U+03CC (decimal 972)
   defining Unicode char U+03CD (decimal 973)
   defining Unicode char U+03CE (decimal 974)
   defining Unicode char U+03D0 (decimal 976)
   defining Unicode char U+03D1 (decimal 977)
   defining Unicode char U+03D5 (decimal 981)
   defining Unicode char U+03D6 (decimal 982)
   defining Unicode char U+03D8 (decimal 984)
   defining Unicode char U+03D9 (decimal 985)
   defining Unicode char U+03DA (decimal 986)
   defining Unicode char U+03DB (decimal 987)
   defining Unicode char U+03DC (decimal 988)
   defining Unicode char U+03DD (decimal 989)
   defining Unicode char U+03DF (decimal 991)
   defining Unicode char U+03E0 (decimal 992)
   defining Unicode char U+03E1 (decimal 993)
   defining Unicode char U+03F0 (decimal 1008)
   defining Unicode char U+03F1 (decimal 1009)
   defining Unicode char U+03F4 (decimal 1012)
   defining Unicode char U+03F5 (decimal 1013)
   defining Unicode char U+1F00 (decimal 7936)
   defining Unicode char U+1F01 (decimal 7937)
   defining Unicode char U+1F02 (decimal 7938)
   defining Unicode char U+1F03 (decimal 7939)
   defining Unicode char U+1F04 (decimal 7940)
   defining Unicode char U+1F05 (decimal 7941)
   defining Unicode char U+1F06 (decimal 7942)
   defining Unicode char U+1F07 (decimal 7943)
   defining Unicode char U+1F08 (decimal 7944)
   defining Unicode char U+1F09 (decimal 7945)
   defining Unicode char U+1F0A (decimal 7946)
   defining Unicode char U+1F0B (decimal 7947)
   defining Unicode char U+1F0C (decimal 7948)
   defining Unicode char U+1F0D (decimal 7949)
   defining Unicode char U+1F0E (decimal 7950)
   defining Unicode char U+1F0F (decimal 7951)
   defining Unicode char U+1F10 (decimal 7952)
   defining Unicode char U+1F11 (decimal 7953)
   defining Unicode char U+1F12 (decimal 7954)
   defining Unicode char U+1F13 (decimal 7955)
   defining Unicode char U+1F14 (decimal 7956)
   defining Unicode char U+1F15 (decimal 7957)
   defining Unicode char U+1F18 (decimal 7960)
   defining Unicode char U+1F19 (decimal 7961)
   defining Unicode char U+1F1A (decimal 7962)
   defining Unicode char U+1F1B (decimal 7963)
   defining Unicode char U+1F1C (decimal 7964)
   defining Unicode char U+1F1D (decimal 7965)
   defining Unicode char U+1F20 (decimal 7968)
   defining Unicode char U+1F21 (decimal 7969)
   defining Unicode char U+1F22 (decimal 7970)
   defining Unicode char U+1F23 (decimal 7971)
   defining Unicode char U+1F24 (decimal 7972)
   defining Unicode char U+1F25 (decimal 7973)
   defining Unicode char U+1F26 (decimal 7974)
   defining Unicode char U+1F27 (decimal 7975)
   defining Unicode char U+1F28 (decimal 7976)
   defining Unicode char U+1F29 (decimal 7977)
   defining Unicode char U+1F2A (decimal 7978)
   defining Unicode char U+1F2B (decimal 7979)
   defining Unicode char U+1F2C (decimal 7980)
   defining Unicode char U+1F2D (decimal 7981)
   defining Unicode char U+1F2E (decimal 7982)
   defining Unicode char U+1F2F (decimal 7983)
   defining Unicode char U+1F30 (decimal 7984)
   defining Unicode char U+1F31 (decimal 7985)
   defining Unicode char U+1F32 (decimal 7986)
   defining Unicode char U+1F33 (decimal 7987)
   defining Unicode char U+1F34 (decimal 7988)
   defining Unicode char U+1F35 (decimal 7989)
   defining Unicode char U+1F36 (decimal 7990)
   defining Unicode char U+1F37 (decimal 7991)
   defining Unicode char U+1F38 (decimal 7992)
   defining Unicode char U+1F39 (decimal 7993)
   defining Unicode char U+1F3A (decimal 7994)
   defining Unicode char U+1F3B (decimal 7995)
   defining Unicode char U+1F3C (decimal 7996)
   defining Unicode char U+1F3D (decimal 7997)
   defining Unicode char U+1F3E (decimal 7998)
   defining Unicode char U+1F3F (decimal 7999)
   defining Unicode char U+1F40 (decimal 8000)
   defining Unicode char U+1F41 (decimal 8001)
   defining Unicode char U+1F42 (decimal 8002)
   defining Unicode char U+1F43 (decimal 8003)
   defining Unicode char U+1F44 (decimal 8004)
   defining Unicode char U+1F45 (decimal 8005)
   defining Unicode char U+1F48 (decimal 8008)
   defining Unicode char U+1F49 (decimal 8009)
   defining Unicode char U+1F4A (decimal 8010)
   defining Unicode char U+1F4B (decimal 8011)
   defining Unicode char U+1F4C (decimal 8012)
   defining Unicode char U+1F4D (decimal 8013)
   defining Unicode char U+1F50 (decimal 8016)
   defining Unicode char U+1F51 (decimal 8017)
   defining Unicode char U+1F52 (decimal 8018)
   defining Unicode char U+1F53 (decimal 8019)
   defining Unicode char U+1F54 (decimal 8020)
   defining Unicode char U+1F55 (decimal 8021)
   defining Unicode char U+1F56 (decimal 8022)
   defining Unicode char U+1F57 (decimal 8023)
   defining Unicode char U+1F59 (decimal 8025)
   defining Unicode char U+1F5B (decimal 8027)
   defining Unicode char U+1F5D (decimal 8029)
   defining Unicode char U+1F5F (decimal 8031)
   defining Unicode char U+1F60 (decimal 8032)
   defining Unicode char U+1F61 (decimal 8033)
   defining Unicode char U+1F62 (decimal 8034)
   defining Unicode char U+1F63 (decimal 8035)
   defining Unicode char U+1F64 (decimal 8036)
   defining Unicode char U+1F65 (decimal 8037)
   defining Unicode char U+1F66 (decimal 8038)
   defining Unicode char U+1F67 (decimal 8039)
   defining Unicode char U+1F68 (decimal 8040)
   defining Unicode char U+1F69 (decimal 8041)
   defining Unicode char U+1F6A (decimal 8042)
   defining Unicode char U+1F6B (decimal 8043)
   defining Unicode char U+1F6C (decimal 8044)
   defining Unicode char U+1F6D (decimal 8045)
   defining Unicode char U+1F6E (decimal 8046)
   defining Unicode char U+1F6F (decimal 8047)
   defining Unicode char U+1F70 (decimal 8048)
   defining Unicode char U+1F71 (decimal 8049)
   defining Unicode char U+1F72 (decimal 8050)
   defining Unicode char U+1F73 (decimal 8051)
   defining Unicode char U+1F74 (decimal 8052)
   defining Unicode char U+1F75 (decimal 8053)
   defining Unicode char U+1F76 (decimal 8054)
   defining Unicode char U+1F77 (decimal 8055)
   defining Unicode char U+1F78 (decimal 8056)
   defining Unicode char U+1F79 (decimal 8057)
   defining Unicode char U+1F7A (decimal 8058)
   defining Unicode char U+1F7B (decimal 8059)
   defining Unicode char U+1F7C (decimal 8060)
   defining Unicode char U+1F7D (decimal 8061)
   defining Unicode char U+1F80 (decimal 8064)
   defining Unicode char U+1F81 (decimal 8065)
   defining Unicode char U+1F82 (decimal 8066)
   defining Unicode char U+1F83 (decimal 8067)
   defining Unicode char U+1F84 (decimal 8068)
   defining Unicode char U+1F85 (decimal 8069)
   defining Unicode char U+1F86 (decimal 8070)
   defining Unicode char U+1F87 (decimal 8071)
   defining Unicode char U+1F88 (decimal 8072)
   defining Unicode char U+1F89 (decimal 8073)
   defining Unicode char U+1F8A (decimal 8074)
   defining Unicode char U+1F8B (decimal 8075)
   defining Unicode char U+1F8C (decimal 8076)
   defining Unicode char U+1F8D (decimal 8077)
   defining Unicode char U+1F8E (decimal 8078)
   defining Unicode char U+1F8F (decimal 8079)
   defining Unicode char U+1F90 (decimal 8080)
   defining Unicode char U+1F91 (decimal 8081)
   defining Unicode char U+1F92 (decimal 8082)
   defining Unicode char U+1F93 (decimal 8083)
   defining Unicode char U+1F94 (decimal 8084)
   defining Unicode char U+1F95 (decimal 8085)
   defining Unicode char U+1F96 (decimal 8086)
   defining Unicode char U+1F97 (decimal 8087)
   defining Unicode char U+1F98 (decimal 8088)
   defining Unicode char U+1F99 (decimal 8089)
   defining Unicode char U+1F9A (decimal 8090)
   defining Unicode char U+1F9B (decimal 8091)
   defining Unicode char U+1F9C (decimal 8092)
   defining Unicode char U+1F9D (decimal 8093)
   defining Unicode char U+1F9E (decimal 8094)
   defining Unicode char U+1F9F (decimal 8095)
   defining Unicode char U+1FA0 (decimal 8096)
   defining Unicode char U+1FA1 (decimal 8097)
   defining Unicode char U+1FA2 (decimal 8098)
   defining Unicode char U+1FA3 (decimal 8099)
   defining Unicode char U+1FA4 (decimal 8100)
   defining Unicode char U+1FA5 (decimal 8101)
   defining Unicode char U+1FA6 (decimal 8102)
   defining Unicode char U+1FA7 (decimal 8103)
   defining Unicode char U+1FA8 (decimal 8104)
   defining Unicode char U+1FA9 (decimal 8105)
   defining Unicode char U+1FAA (decimal 8106)
   defining Unicode char U+1FAB (decimal 8107)
   defining Unicode char U+1FAC (decimal 8108)
   defining Unicode char U+1FAD (decimal 8109)
   defining Unicode char U+1FAE (decimal 8110)
   defining Unicode char U+1FAF (decimal 8111)
   defining Unicode char U+1FB0 (decimal 8112)
   defining Unicode char U+1FB1 (decimal 8113)
   defining Unicode char U+1FB2 (decimal 8114)
   defining Unicode char U+1FB3 (decimal 8115)
   defining Unicode char U+1FB4 (decimal 8116)
   defining Unicode char U+1FB6 (decimal 8118)
   defining Unicode char U+1FB7 (decimal 8119)
   defining Unicode char U+1FB8 (decimal 8120)
   defining Unicode char U+1FB9 (decimal 8121)
   defining Unicode char U+1FBA (decimal 8122)
   defining Unicode char U+1FBB (decimal 8123)
   defining Unicode char U+1FBC (decimal 8124)
   defining Unicode char U+1FBD (decimal 8125)
   defining Unicode char U+1FBE (decimal 8126)
   defining Unicode char U+1FBF (decimal 8127)
   defining Unicode char U+1FC0 (decimal 8128)
   defining Unicode char U+1FC1 (decimal 8129)
   defining Unicode char U+1FC2 (decimal 8130)
   defining Unicode char U+1FC3 (decimal 8131)
   defining Unicode char U+1FC4 (decimal 8132)
   defining Unicode char U+1FC6 (decimal 8134)
   defining Unicode char U+1FC7 (decimal 8135)
   defining Unicode char U+1FC8 (decimal 8136)
   defining Unicode char U+1FC9 (decimal 8137)
   defining Unicode char U+1FCA (decimal 8138)
   defining Unicode char U+1FCB (decimal 8139)
   defining Unicode char U+1FCC (decimal 8140)
   defining Unicode char U+1FCD (decimal 8141)
   defining Unicode char U+1FCE (decimal 8142)
   defining Unicode char U+1FCF (decimal 8143)
   defining Unicode char U+1FD0 (decimal 8144)
   defining Unicode char U+1FD1 (decimal 8145)
   defining Unicode char U+1FD2 (decimal 8146)
   defining Unicode char U+1FD3 (decimal 8147)
   defining Unicode char U+1FD6 (decimal 8150)
   defining Unicode char U+1FD7 (decimal 8151)
   defining Unicode char U+1FD8 (decimal 8152)
   defining Unicode char U+1FD9 (decimal 8153)
   defining Unicode char U+1FDA (decimal 8154)
   defining Unicode char U+1FDB (decimal 8155)
   defining Unicode char U+1FDD (decimal 8157)
   defining Unicode char U+1FDE (decimal 8158)
   defining Unicode char U+1FDF (decimal 8159)
   defining Unicode char U+1FE0 (decimal 8160)
   defining Unicode char U+1FE1 (decimal 8161)
   defining Unicode char U+1FE2 (decimal 8162)
   defining Unicode char U+1FE3 (decimal 8163)
   defining Unicode char U+1FE4 (decimal 8164)
   defining Unicode char U+1FE5 (decimal 8165)
   defining Unicode char U+1FE6 (decimal 8166)
   defining Unicode char U+1FE7 (decimal 8167)
   defining Unicode char U+1FE8 (decimal 8168)
   defining Unicode char U+1FE9 (decimal 8169)
   defining Unicode char U+1FEA (decimal 8170)
   defining Unicode char U+1FEB (decimal 8171)
   defining Unicode char U+1FEC (decimal 8172)
   defining Unicode char U+1FED (decimal 8173)
   defining Unicode char U+1FEE (decimal 8174)
   defining Unicode char U+1FEF (decimal 8175)
   defining Unicode char U+1FF2 (decimal 8178)
   defining Unicode char U+1FF3 (decimal 8179)
   defining Unicode char U+1FF4 (decimal 8180)
   defining Unicode char U+1FF6 (decimal 8182)
   defining Unicode char U+1FF7 (decimal 8183)
   defining Unicode char U+1FF8 (decimal 8184)
   defining Unicode char U+1FF9 (decimal 8185)
   defining Unicode char U+1FFA (decimal 8186)
   defining Unicode char U+1FFB (decimal 8187)
   defining Unicode char U+1FFC (decimal 8188)
   defining Unicode char U+1FFD (decimal 8189)
   defining Unicode char U+1FFE (decimal 8190)
   defining Unicode char U+2013 (decimal 8211)
   defining Unicode char U+2014 (decimal 8212)
   defining Unicode char U+2018 (decimal 8216)
   defining Unicode char U+2019 (decimal 8217)
   defining Unicode char U+201A (decimal 8218)
   defining Unicode char U+2030 (decimal 8240)
   defining Unicode char U+2039 (decimal 8249)
   defining Unicode char U+203A (decimal 8250)
   defining Unicode char U+20AC (decimal 8364)
   defining Unicode char U+2126 (decimal 8486)
   defining Unicode char U+10144 (decimal 65860)
   defining Unicode char U+10145 (decimal 65861)
   defining Unicode char U+10146 (decimal 65862)
   defining Unicode char U+10147 (decimal 65863)
)
(c:/texlive/2020/texmf-dist/tex/latex/greek-fontenc/greek-fontenc.def
File: greek-fontenc.def 2015/08/04 v0.13.4 Common Greek font encoding definitio
ns
))
Package textgreek Info: Loaded fontmap: {phv/*/*}{U/psy/*/*} {*/bx/n}{U/eur/b/n
} {*/b/n}{U/eur/b/n} {*/*/n}{U/eur/m/n} {*/*/it}{OML/*/*/*}. on input line 69.
)
(c:/texlive/2020/texmf-dist/tex/latex/chemformula/chemformula.sty
(c:/texlive/2020/texmf-dist/tex/latex/l3packages/l3keys2e/l3keys2e.sty
Package: l3keys2e 2020-03-06 LaTeX2e option processing using LaTeX3 keys
)
(c:/texlive/2020/texmf-dist/tex/latex/pgf/frontendlayer/tikz.sty
(c:/texlive/2020/texmf-dist/tex/latex/pgf/basiclayer/pgf.sty
(c:/texlive/2020/texmf-dist/tex/latex/pgf/utilities/pgfrcs.sty
(c:/texlive/2020/texmf-dist/tex/generic/pgf/utilities/pgfutil-common.tex
\pgfutil@everybye=\toks25
\pgfutil@tempdima=\dimen166
\pgfutil@tempdimb=\dimen167

(c:/texlive/2020/texmf-dist/tex/generic/pgf/utilities/pgfutil-common-lists.tex)
) (c:/texlive/2020/texmf-dist/tex/generic/pgf/utilities/pgfutil-latex.def
\pgfutil@abb=\box49

(c:/texlive/2020/texmf-dist/tex/latex/ms/everyshi.sty
Package: everyshi 2001/05/15 v3.00 EveryShipout Package (MS)
))
(c:/texlive/2020/texmf-dist/tex/generic/pgf/utilities/pgfrcs.code.tex
(c:/texlive/2020/texmf-dist/tex/generic/pgf/pgf.revision.tex)
Package: pgfrcs 2020/01/08 v3.1.5b (3.1.5b)
))
Package: pgf 2020/01/08 v3.1.5b (3.1.5b)

(c:/texlive/2020/texmf-dist/tex/latex/pgf/basiclayer/pgfcore.sty
(c:/texlive/2020/texmf-dist/tex/latex/graphics/graphicx.sty
Package: graphicx 2019/11/30 v1.2a Enhanced LaTeX Graphics (DPC,SPQR)

(c:/texlive/2020/texmf-dist/tex/latex/graphics/graphics.sty
Package: graphics 2019/11/30 v1.4a Standard LaTeX Graphics (DPC,SPQR)

(c:/texlive/2020/texmf-dist/tex/latex/graphics/trig.sty
Package: trig 2016/01/03 v1.10 sin cos tan (DPC)
)
(c:/texlive/2020/texmf-dist/tex/latex/graphics-cfg/graphics.cfg
File: graphics.cfg 2016/06/04 v1.11 sample graphics configuration
)
Package graphics Info: Driver file: pdftex.def on input line 105.
)
\Gin@req@height=\dimen168
\Gin@req@width=\dimen169
)
(c:/texlive/2020/texmf-dist/tex/latex/pgf/systemlayer/pgfsys.sty
(c:/texlive/2020/texmf-dist/tex/generic/pgf/systemlayer/pgfsys.code.tex
Package: pgfsys 2020/01/08 v3.1.5b (3.1.5b)

(c:/texlive/2020/texmf-dist/tex/generic/pgf/utilities/pgfkeys.code.tex
\pgfkeys@pathtoks=\toks26
\pgfkeys@temptoks=\toks27

(c:/texlive/2020/texmf-dist/tex/generic/pgf/utilities/pgfkeysfiltered.code.tex
\pgfkeys@tmptoks=\toks28
))
\pgf@x=\dimen170
\pgf@y=\dimen171
\pgf@xa=\dimen172
\pgf@ya=\dimen173
\pgf@xb=\dimen174
\pgf@yb=\dimen175
\pgf@xc=\dimen176
\pgf@yc=\dimen177
\pgf@xd=\dimen178
\pgf@yd=\dimen179
\w@pgf@writea=\write3
\r@pgf@reada=\read2
\c@pgf@counta=\count293
\c@pgf@countb=\count294
\c@pgf@countc=\count295
\c@pgf@countd=\count296
\t@pgf@toka=\toks29
\t@pgf@tokb=\toks30
\t@pgf@tokc=\toks31
\pgf@sys@id@count=\count297
 (c:/texlive/2020/texmf-dist/tex/generic/pgf/systemlayer/pgf.cfg
File: pgf.cfg 2020/01/08 v3.1.5b (3.1.5b)
)
Driver file for pgf: pgfsys-pdftex.def

(c:/texlive/2020/texmf-dist/tex/generic/pgf/systemlayer/pgfsys-pdftex.def
File: pgfsys-pdftex.def 2020/01/08 v3.1.5b (3.1.5b)

(c:/texlive/2020/texmf-dist/tex/generic/pgf/systemlayer/pgfsys-common-pdf.def
File: pgfsys-common-pdf.def 2020/01/08 v3.1.5b (3.1.5b)
)))
(c:/texlive/2020/texmf-dist/tex/generic/pgf/systemlayer/pgfsyssoftpath.code.tex
File: pgfsyssoftpath.code.tex 2020/01/08 v3.1.5b (3.1.5b)
\pgfsyssoftpath@smallbuffer@items=\count298
\pgfsyssoftpath@bigbuffer@items=\count299
)
(c:/texlive/2020/texmf-dist/tex/generic/pgf/systemlayer/pgfsysprotocol.code.tex
File: pgfsysprotocol.code.tex 2020/01/08 v3.1.5b (3.1.5b)
)) (c:/texlive/2020/texmf-dist/tex/generic/pgf/basiclayer/pgfcore.code.tex
Package: pgfcore 2020/01/08 v3.1.5b (3.1.5b)

(c:/texlive/2020/texmf-dist/tex/generic/pgf/math/pgfmath.code.tex
(c:/texlive/2020/texmf-dist/tex/generic/pgf/math/pgfmathcalc.code.tex
(c:/texlive/2020/texmf-dist/tex/generic/pgf/math/pgfmathutil.code.tex)
(c:/texlive/2020/texmf-dist/tex/generic/pgf/math/pgfmathparser.code.tex
\pgfmath@dimen=\dimen180
\pgfmath@count=\count300
\pgfmath@box=\box50
\pgfmath@toks=\toks32
\pgfmath@stack@operand=\toks33
\pgfmath@stack@operation=\toks34
)
(c:/texlive/2020/texmf-dist/tex/generic/pgf/math/pgfmathfunctions.code.tex
(c:/texlive/2020/texmf-dist/tex/generic/pgf/math/pgfmathfunctions.basic.code.te
x)
(c:/texlive/2020/texmf-dist/tex/generic/pgf/math/pgfmathfunctions.trigonometric
.code.tex)
(c:/texlive/2020/texmf-dist/tex/generic/pgf/math/pgfmathfunctions.random.code.t
ex)
(c:/texlive/2020/texmf-dist/tex/generic/pgf/math/pgfmathfunctions.comparison.co
de.tex)
(c:/texlive/2020/texmf-dist/tex/generic/pgf/math/pgfmathfunctions.base.code.tex
)
(c:/texlive/2020/texmf-dist/tex/generic/pgf/math/pgfmathfunctions.round.code.te
x)
(c:/texlive/2020/texmf-dist/tex/generic/pgf/math/pgfmathfunctions.misc.code.tex
)
(c:/texlive/2020/texmf-dist/tex/generic/pgf/math/pgfmathfunctions.integerarithm
etics.code.tex)))
(c:/texlive/2020/texmf-dist/tex/generic/pgf/math/pgfmathfloat.code.tex
\c@pgfmathroundto@lastzeros=\count301
))
(c:/texlive/2020/texmf-dist/tex/generic/pgf/math/pgfint.code.tex)
(c:/texlive/2020/texmf-dist/tex/generic/pgf/basiclayer/pgfcorepoints.code.tex
File: pgfcorepoints.code.tex 2020/01/08 v3.1.5b (3.1.5b)
\pgf@picminx=\dimen181
\pgf@picmaxx=\dimen182
\pgf@picminy=\dimen183
\pgf@picmaxy=\dimen184
\pgf@pathminx=\dimen185
\pgf@pathmaxx=\dimen186
\pgf@pathminy=\dimen187
\pgf@pathmaxy=\dimen188
\pgf@xx=\dimen189
\pgf@xy=\dimen190
\pgf@yx=\dimen191
\pgf@yy=\dimen192
\pgf@zx=\dimen193
\pgf@zy=\dimen194
)
(c:/texlive/2020/texmf-dist/tex/generic/pgf/basiclayer/pgfcorepathconstruct.cod
e.tex
File: pgfcorepathconstruct.code.tex 2020/01/08 v3.1.5b (3.1.5b)
\pgf@path@lastx=\dimen195
\pgf@path@lasty=\dimen196
)
(c:/texlive/2020/texmf-dist/tex/generic/pgf/basiclayer/pgfcorepathusage.code.te
x
File: pgfcorepathusage.code.tex 2020/01/08 v3.1.5b (3.1.5b)
\pgf@shorten@end@additional=\dimen197
\pgf@shorten@start@additional=\dimen198
)
(c:/texlive/2020/texmf-dist/tex/generic/pgf/basiclayer/pgfcorescopes.code.tex
File: pgfcorescopes.code.tex 2020/01/08 v3.1.5b (3.1.5b)
\pgfpic=\box51
\pgf@hbox=\box52
\pgf@layerbox@main=\box53
\pgf@picture@serial@count=\count302
)
(c:/texlive/2020/texmf-dist/tex/generic/pgf/basiclayer/pgfcoregraphicstate.code
.tex
File: pgfcoregraphicstate.code.tex 2020/01/08 v3.1.5b (3.1.5b)
\pgflinewidth=\dimen199
)
(c:/texlive/2020/texmf-dist/tex/generic/pgf/basiclayer/pgfcoretransformations.c
ode.tex
File: pgfcoretransformations.code.tex 2020/01/08 v3.1.5b (3.1.5b)
\pgf@pt@x=\dimen256
\pgf@pt@y=\dimen257
\pgf@pt@temp=\dimen258
)
(c:/texlive/2020/texmf-dist/tex/generic/pgf/basiclayer/pgfcorequick.code.tex
File: pgfcorequick.code.tex 2020/01/08 v3.1.5b (3.1.5b)
)
(c:/texlive/2020/texmf-dist/tex/generic/pgf/basiclayer/pgfcoreobjects.code.tex
File: pgfcoreobjects.code.tex 2020/01/08 v3.1.5b (3.1.5b)
)
(c:/texlive/2020/texmf-dist/tex/generic/pgf/basiclayer/pgfcorepathprocessing.co
de.tex
File: pgfcorepathprocessing.code.tex 2020/01/08 v3.1.5b (3.1.5b)
)
(c:/texlive/2020/texmf-dist/tex/generic/pgf/basiclayer/pgfcorearrows.code.tex
File: pgfcorearrows.code.tex 2020/01/08 v3.1.5b (3.1.5b)
\pgfarrowsep=\dimen259
)
(c:/texlive/2020/texmf-dist/tex/generic/pgf/basiclayer/pgfcoreshade.code.tex
File: pgfcoreshade.code.tex 2020/01/08 v3.1.5b (3.1.5b)
\pgf@max=\dimen260
\pgf@sys@shading@range@num=\count303
\pgf@shadingcount=\count304
)
(c:/texlive/2020/texmf-dist/tex/generic/pgf/basiclayer/pgfcoreimage.code.tex
File: pgfcoreimage.code.tex 2020/01/08 v3.1.5b (3.1.5b)

(c:/texlive/2020/texmf-dist/tex/generic/pgf/basiclayer/pgfcoreexternal.code.tex
File: pgfcoreexternal.code.tex 2020/01/08 v3.1.5b (3.1.5b)
\pgfexternal@startupbox=\box54
))
(c:/texlive/2020/texmf-dist/tex/generic/pgf/basiclayer/pgfcorelayers.code.tex
File: pgfcorelayers.code.tex 2020/01/08 v3.1.5b (3.1.5b)
)
(c:/texlive/2020/texmf-dist/tex/generic/pgf/basiclayer/pgfcoretransparency.code
.tex
File: pgfcoretransparency.code.tex 2020/01/08 v3.1.5b (3.1.5b)
)
(c:/texlive/2020/texmf-dist/tex/generic/pgf/basiclayer/pgfcorepatterns.code.tex
File: pgfcorepatterns.code.tex 2020/01/08 v3.1.5b (3.1.5b)
) (c:/texlive/2020/texmf-dist/tex/generic/pgf/basiclayer/pgfcorerdf.code.tex
File: pgfcorerdf.code.tex 2020/01/08 v3.1.5b (3.1.5b)
))) (c:/texlive/2020/texmf-dist/tex/generic/pgf/modules/pgfmoduleshapes.code.te
x
File: pgfmoduleshapes.code.tex 2020/01/08 v3.1.5b (3.1.5b)
\pgfnodeparttextbox=\box55
)
(c:/texlive/2020/texmf-dist/tex/generic/pgf/modules/pgfmoduleplot.code.tex
File: pgfmoduleplot.code.tex 2020/01/08 v3.1.5b (3.1.5b)
)
(c:/texlive/2020/texmf-dist/tex/latex/pgf/compatibility/pgfcomp-version-0-65.st
y
Package: pgfcomp-version-0-65 2020/01/08 v3.1.5b (3.1.5b)
\pgf@nodesepstart=\dimen261
\pgf@nodesepend=\dimen262
)
(c:/texlive/2020/texmf-dist/tex/latex/pgf/compatibility/pgfcomp-version-1-18.st
y
Package: pgfcomp-version-1-18 2020/01/08 v3.1.5b (3.1.5b)
)) (c:/texlive/2020/texmf-dist/tex/latex/pgf/utilities/pgffor.sty
(c:/texlive/2020/texmf-dist/tex/latex/pgf/utilities/pgfkeys.sty
(c:/texlive/2020/texmf-dist/tex/generic/pgf/utilities/pgfkeys.code.tex))
(c:/texlive/2020/texmf-dist/tex/latex/pgf/math/pgfmath.sty
(c:/texlive/2020/texmf-dist/tex/generic/pgf/math/pgfmath.code.tex))
(c:/texlive/2020/texmf-dist/tex/generic/pgf/utilities/pgffor.code.tex
Package: pgffor 2020/01/08 v3.1.5b (3.1.5b)

(c:/texlive/2020/texmf-dist/tex/generic/pgf/math/pgfmath.code.tex)
\pgffor@iter=\dimen263
\pgffor@skip=\dimen264
\pgffor@stack=\toks35
\pgffor@toks=\toks36
))
(c:/texlive/2020/texmf-dist/tex/generic/pgf/frontendlayer/tikz/tikz.code.tex
Package: tikz 2020/01/08 v3.1.5b (3.1.5b)

(c:/texlive/2020/texmf-dist/tex/generic/pgf/libraries/pgflibraryplothandlers.co
de.tex
File: pgflibraryplothandlers.code.tex 2020/01/08 v3.1.5b (3.1.5b)
\pgf@plot@mark@count=\count305
\pgfplotmarksize=\dimen265
)
\tikz@lastx=\dimen266
\tikz@lasty=\dimen267
\tikz@lastxsaved=\dimen268
\tikz@lastysaved=\dimen269
\tikz@lastmovetox=\dimen270
\tikz@lastmovetoy=\dimen271
\tikzleveldistance=\dimen272
\tikzsiblingdistance=\dimen273
\tikz@figbox=\box56
\tikz@figbox@bg=\box57
\tikz@tempbox=\box58
\tikz@tempbox@bg=\box59
\tikztreelevel=\count306
\tikznumberofchildren=\count307
\tikznumberofcurrentchild=\count308
\tikz@fig@count=\count309

(c:/texlive/2020/texmf-dist/tex/generic/pgf/modules/pgfmodulematrix.code.tex
File: pgfmodulematrix.code.tex 2020/01/08 v3.1.5b (3.1.5b)
\pgfmatrixcurrentrow=\count310
\pgfmatrixcurrentcolumn=\count311
\pgf@matrix@numberofcolumns=\count312
)
\tikz@expandcount=\count313

(c:/texlive/2020/texmf-dist/tex/generic/pgf/frontendlayer/tikz/libraries/tikzli
brarytopaths.code.tex
File: tikzlibrarytopaths.code.tex 2020/01/08 v3.1.5b (3.1.5b)
)))
(c:/texlive/2020/texmf-dist/tex/latex/l3packages/xfrac/xfrac.sty
(c:/texlive/2020/texmf-dist/tex/latex/base/textcomp.sty
Package: textcomp 2020/02/02 v2.0n Standard LaTeX package
)
(c:/texlive/2020/texmf-dist/tex/latex/l3packages/xtemplate/xtemplate.sty
Package: xtemplate 2020-03-06 L3 Experimental prototype document functions
\l__xtemplate_tmp_dim=\dimen274
\l__xtemplate_tmp_int=\count314
\l__xtemplate_tmp_muskip=\muskip18
\l__xtemplate_tmp_skip=\skip66
)
Package: xfrac 2020-03-06 L3 Experimental split-level fractions
\l__xfrac_slash_box=\box60
\l__xfrac_tmp_box=\box61
\l__xfrac_denominator_bot_sep_dim=\dimen275
\l__xfrac_numerator_bot_sep_dim=\dimen276
\l__xfrac_numerator_top_sep_dim=\dimen277
\l__xfrac_slash_left_sep_dim=\dimen278
\l__xfrac_slash_right_sep_dim=\dimen279
\l__xfrac_slash_left_muskip=\muskip19
\l__xfrac_slash_right_muskip=\muskip20

Package xtemplate Info: Declaring object type 'xfrac' taking 3 argument(s) on
(xtemplate)             line 80.

)
(c:/texlive/2020/texmf-dist/tex/latex/units/nicefrac.sty
Package: nicefrac 1998/08/04 v0.9b Nice fractions
\L@UnitsRaiseDisplaystyle=\skip67
\L@UnitsRaiseTextstyle=\skip68
\L@UnitsRaiseScriptstyle=\skip69

(c:/texlive/2020/texmf-dist/tex/latex/base/ifthen.sty
Package: ifthen 2014/09/29 v1.1c Standard LaTeX ifthen package (DPC)
))
(c:/texlive/2020/texmf-dist/tex/latex/koma-script/scrlfile.sty
Package: scrlfile 2020/01/24 v3.29 KOMA-Script package (loading files)
)
(c:/texlive/2020/texmf-dist/tex/generic/pgf/libraries/pgflibraryarrows.meta.cod
e.tex
File: pgflibraryarrows.meta.code.tex 2020/01/08 v3.1.5b (3.1.5b)
\pgfarrowinset=\dimen280
\pgfarrowlength=\dimen281
\pgfarrowwidth=\dimen282
\pgfarrowlinewidth=\dimen283
)
Package: chemformula 2020/03/07 v4.15j typeset chemical compounds and reactions
 (CN)
\l__chemformula_tmpa_dim=\dimen284
\l__chemformula_tmpb_dim=\dimen285
\l__chemformula_tmpc_dim=\dimen286
\l__chemformula_tmpa_int=\count315
\l__chemformula_tmpb_int=\count316
\l__chemformula_tmpc_int=\count317
\l__chemformula_tmpa_box=\box62
\l__chemformula_tmpb_box=\box63
\l__chemformula_arrow_length_dim=\dimen287
\l__chemformula_arrow_label_height_dim=\dimen288
\l__chemformula_arrow_label_offset_dim=\dimen289
\l__chemformula_arrow_minimum_length_dim=\dimen290
\l__chemformula_arrow_shortage_dim=\dimen291
\l__chemformula_arrow_offset_dim=\dimen292
\l__chemformula_arrow_yshift_dim=\dimen293
\l__chemformula_radical_radius_dim=\dimen294
\l__chemformula_radical_hshift_dim=\dimen295
\l__chemformula_radical_vshift_dim=\dimen296
\l__chemformula_radical_space_dim=\dimen297
\l__chemformula_arrow_head_dim=\dimen298
\l__chemformula_name_dim=\dimen299
\l__chemformula_adduct_space_dim=\dimen300
\l__chemformula_charge_shift_dim=\dimen301
\l__chemformula_subscript_shift_dim=\dimen302
\l__chemformula_superscript_shift_dim=\dimen303
\l__chemformula_subscript_dim=\dimen304
\l__chemformula_superscript_dim=\dimen305
\l__chemformula_bond_dim=\dimen306
\l__chemformula_bond_space_dim=\dimen307
\l__chemformula_elspec_pair_distance_dim=\dimen308
\l__chemformula_elspec_pair_line_length_dim=\dimen309
\l__chemformula_elspec_pair_width_dim=\dimen310
\l__chemformula_kroegervink_positive_radius_dim=\dimen311
\l__chemformula_kroegervink_positive_hshift_dim=\dimen312
\l__chemformula_kroegervink_positive_vshift_dim=\dimen313
\l__chemformula_kroegervink_positive_space_dim=\dimen314
\l__chemformula_stoich_space_skip=\skip70
\l__chemformula_math_space_skip=\skip71
\l__chemformula_count_tokens_int=\count318
\g__chemformula_lewis_int=\count319
\l__chemformula_arrow_arg_i_box=\box64
\l__chemformula_arrow_arg_ii_box=\box65
\l__chemformula_superscript_box=\box66
\l__chemformula_subscript_box=\box67
\l__chemformula_additions_symbol_space_skip=\skip72
\l__chemformula_plus_space_skip=\skip73
\l__chemformula_minus_space_skip=\skip74
) (c:/texlive/2020/texmf-dist/tex/latex/titlesec/titlesec.sty
Package: titlesec 2019/10/16 v2.13 Sectioning titles
\ttl@box=\box68
\beforetitleunit=\skip75
\aftertitleunit=\skip76
\ttl@plus=\dimen315
\ttl@minus=\dimen316
\ttl@toksa=\toks37
\titlewidth=\dimen317
\titlewidthlast=\dimen318
\titlewidthfirst=\dimen319
)
(c:/texlive/2020/texmf-dist/tex/latex/tools/indentfirst.sty
Package: indentfirst 1995/11/23 v1.03 Indent first paragraph (DPC)
)

! LaTeX Error: Option clash for package hyperref.

See the LaTeX manual or LaTeX Companion for explanation.
Type  H <return>  for immediate help.
 ...                                              
                                                  
l.22 \usepackage
                {tabularx}
The package hyperref has already been loaded with options:
  []
There has now been an attempt to load it with options
  [hidelinks]
Adding the global options:
  ,hidelinks
to your \documentclass declaration may fix this.
Try typing  <return>  to proceed.

(c:/texlive/2020/texmf-dist/tex/latex/tools/tabularx.sty
Package: tabularx 2020/01/15 v2.11c `tabularx' package (DPC)

(c:/texlive/2020/texmf-dist/tex/latex/tools/array.sty
Package: array 2019/08/31 v2.4l Tabular extension package (FMi)
\col@sep=\dimen320
\ar@mcellbox=\box69
\extrarowheight=\dimen321
\NC@list=\toks38
\extratabsurround=\skip77
\backup@length=\skip78
\ar@cellbox=\box70
)
\TX@col@width=\dimen322
\TX@old@table=\dimen323
\TX@old@col=\dimen324
\TX@target=\dimen325
\TX@delta=\dimen326
\TX@cols=\count320
\TX@ftn=\toks39
)
(c:/texlive/2020/texmf-dist/tex/latex/listings/listings.sty
\lst@mode=\count321
\lst@gtempboxa=\box71
\lst@token=\toks40
\lst@length=\count322
\lst@currlwidth=\dimen327
\lst@column=\count323
\lst@pos=\count324
\lst@lostspace=\dimen328
\lst@width=\dimen329
\lst@newlines=\count325
\lst@lineno=\count326
\lst@maxwidth=\dimen330

(c:/texlive/2020/texmf-dist/tex/latex/listings/lstmisc.sty
File: lstmisc.sty 2020/03/24 1.8d (Carsten Heinz)
\c@lstnumber=\count327
\lst@skipnumbers=\count328
\lst@framebox=\box72
)
(c:/texlive/2020/texmf-dist/tex/latex/listings/listings.cfg
File: listings.cfg 2020/03/24 1.8d listings configuration
))
Package: listings 2020/03/24 1.8d (Carsten Heinz)

(c:/texlive/2020/texmf-dist/tex/latex/pdfpages/pdfpages.sty
Package: pdfpages 2020/01/28 v0.5q Insert pages of external PDF documents (AM)

(c:/texlive/2020/texmf-dist/tex/latex/eso-pic/eso-pic.sty
Package: eso-pic 2018/04/12 v2.0h eso-pic (RN)
)
\AM@pagewidth=\dimen331
\AM@pageheight=\dimen332

(c:/texlive/2020/texmf-dist/tex/latex/pdfpages/pppdftex.def
File: pppdftex.def 2020/01/28 v0.5q Pdfpages driver for pdfTeX (AM)
)
\AM@pagebox=\box73
\AM@global@opts=\toks41
\AM@pagecnt=\count329
\AM@toc@title=\toks42
\c@AM@survey=\count330
\AM@templatesizebox=\box74
)
(c:/texlive/2020/texmf-dist/tex/latex/booktabs/booktabs.sty
Package: booktabs 2020/01/12 v1.61803398 Publication quality tables
\heavyrulewidth=\dimen333
\lightrulewidth=\dimen334
\cmidrulewidth=\dimen335
\belowrulesep=\dimen336
\belowbottomsep=\dimen337
\aboverulesep=\dimen338
\abovetopsep=\dimen339
\cmidrulesep=\dimen340
\cmidrulekern=\dimen341
\defaultaddspace=\dimen342
\@cmidla=\count331
\@cmidlb=\count332
\@aboverulesep=\dimen343
\@belowrulesep=\dimen344
\@thisruleclass=\count333
\@lastruleclass=\count334
\@thisrulewidth=\dimen345
)
(c:/texlive/2020/texmf-dist/tex/latex/enumitem/enumitem.sty
Package: enumitem 2019/06/20 v3.9 Customized lists
\labelindent=\skip79
\enit@outerparindent=\dimen346
\enit@toks=\toks43
\enit@inbox=\box75
\enit@count@id=\count335
\enitdp@description=\count336
)
(c:/texlive/2020/texmf-dist/tex/latex/listings/lstlang1.sty
File: lstlang1.sty 2020/03/24 1.8d listings language file
) (./Report 01.aux)
\openout1 = `"Report 01.aux"'.

LaTeX Font Info:    Checking defaults for OML/cmm/m/it on input line 77.
LaTeX Font Info:    ... okay on input line 77.
LaTeX Font Info:    Checking defaults for OMS/cmsy/m/n on input line 77.
LaTeX Font Info:    ... okay on input line 77.
LaTeX Font Info:    Checking defaults for OT1/cmr/m/n on input line 77.
LaTeX Font Info:    ... okay on input line 77.
LaTeX Font Info:    Checking defaults for T1/cmr/m/n on input line 77.
LaTeX Font Info:    ... okay on input line 77.
LaTeX Font Info:    Checking defaults for TS1/cmr/m/n on input line 77.
LaTeX Font Info:    ... okay on input line 77.
LaTeX Font Info:    Checking defaults for OMX/cmex/m/n on input line 77.
LaTeX Font Info:    ... okay on input line 77.
LaTeX Font Info:    Checking defaults for U/cmr/m/n on input line 77.
LaTeX Font Info:    ... okay on input line 77.
LaTeX Font Info:    Checking defaults for PD1/pdf/m/n on input line 77.
LaTeX Font Info:    ... okay on input line 77.
LaTeX Font Info:    Checking defaults for LGR/cmr/m/n on input line 77.
LaTeX Font Info:    Trying to load font information for LGR+cmr on input line 7
7.

(c:/texlive/2020/texmf-dist/tex/latex/cbfonts-fd/lgrcmr.fd
File: lgrcmr.fd 2017/07/29 v1.2 Greek European Computer Regular
)
LaTeX Font Info:    ... okay on input line 77.
\AtBeginShipoutBox=\box76
Package hyperref Info: Link coloring OFF on input line 77.

(c:/texlive/2020/texmf-dist/tex/latex/hyperref/nameref.sty
Package: nameref 2019/09/16 v2.46 Cross-referencing by name of section

(c:/texlive/2020/texmf-dist/tex/latex/refcount/refcount.sty
Package: refcount 2019/12/15 v3.6 Data extraction from label references (HO)
)
(c:/texlive/2020/texmf-dist/tex/generic/gettitlestring/gettitlestring.sty
Package: gettitlestring 2019/12/15 v1.6 Cleanup title references (HO)
)
\c@section@level=\count337
)
LaTeX Info: Redefining \ref on input line 77.
LaTeX Info: Redefining \pageref on input line 77.
LaTeX Info: Redefining \nameref on input line 77.

(./Report 01.out) (./Report 01.out)
\@outlinefile=\write4
\openout4 = `"Report 01.out"'.


*geometry* driver: auto-detecting
*geometry* detected driver: pdftex
*geometry* verbose mode - [ preamble ] result:
* driver: pdftex
* paper: a4paper
* layout: <same size as paper>
* layoutoffset:(h,v)=(0.0pt,0.0pt)
* modes: 
* h-part:(L,W,R)=(46.97505pt, 503.55777pt, 46.97505pt)
* v-part:(T,H,B)=(46.97505pt, 751.09674pt, 46.97505pt)
* \paperwidth=597.50787pt
* \paperheight=845.04684pt
* \textwidth=503.55777pt
* \textheight=751.09674pt
* \oddsidemargin=-25.29494pt
* \evensidemargin=-25.29494pt
* \topmargin=-62.29494pt
* \headheight=12.0pt
* \headsep=25.0pt
* \topskip=12.0pt
* \footskip=30.0pt
* \marginparwidth=35.0pt
* \marginparsep=10.0pt
* \columnsep=10.0pt
* \skip\footins=10.8pt plus 4.0pt minus 2.0pt
* \hoffset=0.0pt
* \voffset=0.0pt
* \mag=1000
* \@twocolumnfalse
* \@twosidefalse
* \@mparswitchfalse
* \@reversemarginfalse
* (1in=72.27pt=25.4mm, 1cm=28.453pt)

(c:/texlive/2020/texmf-dist/tex/context/base/mkii/supp-pdf.mkii
[Loading MPS to PDF converter (version 2006.09.02).]
\scratchcounter=\count338
\scratchdimen=\dimen347
\scratchbox=\box77
\nofMPsegments=\count339
\nofMParguments=\count340
\everyMPshowfont=\toks44
\MPscratchCnt=\count341
\MPscratchDim=\dimen348
\MPnumerator=\count342
\makeMPintoPDFobject=\count343
\everyMPtoPDFconversion=\toks45
) (c:/texlive/2020/texmf-dist/tex/latex/epstopdf-pkg/epstopdf-base.sty
Package: epstopdf-base 2020-01-24 v2.11 Base part for package epstopdf
Package epstopdf-base Info: Redefining graphics rule for `.eps' on input line 4
85.

(c:/texlive/2020/texmf-dist/tex/latex/latexconfig/epstopdf-sys.cfg
File: epstopdf-sys.cfg 2010/07/13 v1.3 Configuration of (r)epstopdf for TeX Liv
e
))
ABD: EveryShipout initializing macros
\c@lstlisting=\count344

(c:/texlive/2020/texmf-dist/tex/latex/pdflscape/pdflscape.sty
Package: pdflscape 2019/12/05 v0.12 Display of landscape pages in PDF (HO)

(c:/texlive/2020/texmf-dist/tex/latex/graphics/lscape.sty
Package: lscape 2000/10/22 v3.01 Landscape Pages (DPC)
)
Package pdflscape Info: Auto-detected driver: pdftex on input line 81.
)
LaTeX Font Info:    Trying to load font information for U+msa on input line 84.


(c:/texlive/2020/texmf-dist/tex/latex/amsfonts/umsa.fd
File: umsa.fd 2013/01/14 v3.01 AMS symbols A
)
LaTeX Font Info:    Trying to load font information for U+msb on input line 84.


(c:/texlive/2020/texmf-dist/tex/latex/amsfonts/umsb.fd
File: umsb.fd 2013/01/14 v3.01 AMS symbols B
)
LaTeX Font Info:    Trying to load font information for U+wasy on input line 84
.

(c:/texlive/2020/texmf-dist/tex/latex/wasysym/uwasy.fd
File: uwasy.fd 2020/01/19 v2.4 Wasy-2 symbol font definitions
)
LaTeX Font Info:    Trying to load font information for U+rsfs on input line 84
.

(c:/texlive/2020/texmf-dist/tex/latex/jknapltx/ursfs.fd
File: ursfs.fd 1998/03/24 rsfs font definition file (jk)
)
! Missing \endcsname inserted.
<to be read again> 
                   \protect 
l.84 	\tableofcontents
                      
The control sequence marked <to be read again> should
not appear between \csname and \endcsname.

! Missing number, treated as zero.
<to be read again> 
                   \c@ 
l.84 	\tableofcontents
                      
A number should have been here; I inserted `0'.
(If you can't figure out why I needed to see a number,
look up `weird error' in the index to The TeXbook.)

! Extra \endcsname.
\Roman ...andafter \@Roman \csname c@#1\endcsname 
                                                  
l.84 	\tableofcontents
                      
I'm ignoring this, since I wasn't doing a \csname.

(./Report 01.toc)
\tf@toc=\write5
\openout5 = `"Report 01.toc"'.

 [1

{c:/texlive/2020/texmf-var/fonts/map/pdftex/updmap/pdftex.map}]
! Missing \endcsname inserted.
<to be read again> 
                   \protect 
l.89 ... of the power demand inside the vechicle}}
                                                  
The control sequence marked <to be read again> should
not appear between \csname and \endcsname.

! Missing number, treated as zero.
<to be read again> 
                   \c@ 
l.89 ... of the power demand inside the vechicle}}
                                                  
A number should have been here; I inserted `0'.
(If you can't figure out why I needed to see a number,
look up `weird error' in the index to The TeXbook.)

! Extra \endcsname.
\Roman ...andafter \@Roman \csname c@#1\endcsname 
                                                  
l.89 ... of the power demand inside the vechicle}}
                                                  
I'm ignoring this, since I wasn't doing a \csname.


Package hyperref Warning: Token not allowed in a PDF string (PDFDocEncoding):
(hyperref)                removing `math shift' on input line 89.


Package hyperref Warning: Token not allowed in a PDF string (PDFDocEncoding):
(hyperref)                removing `\@@underline' on input line 89.


Package hyperref Warning: Token not allowed in a PDF string (PDFDocEncoding):
(hyperref)                removing `\hbox' on input line 89.


Package hyperref Warning: Token not allowed in a PDF string (PDFDocEncoding):
(hyperref)                removing `\mathsurround' on input line 89.


Package hyperref Warning: Token not allowed in a PDF string (PDFDocEncoding):
(hyperref)                removing `\z@' on input line 89.


Package hyperref Warning: Token not allowed in a PDF string (PDFDocEncoding):
(hyperref)                removing `math shift' on input line 89.

<E:/07. Master_Degree_ITC+UGA/02. ENES3_SGB_UGA/02. New Technology/PEMFC/Speed_
1.png, id=148, 413.74574pt x 299.1978pt>
File: E:/07. Master_Degree_ITC+UGA/02. ENES3_SGB_UGA/02. New Technology/PEMFC/S
peed_1.png Graphic file (type png)
<use E:/07. Master_Degree_ITC+UGA/02. ENES3_SGB_UGA/02. New Technology/PEMFC/Sp
eed_1.png>
Package pdftex.def Info: E:/07. Master_Degree_ITC+UGA/02. ENES3_SGB_UGA/02. New
 Technology/PEMFC/Speed_1.png  used on input line 129.
(pdftex.def)             Requested size: 241.70557pt x 174.79031pt.
<E:/07. Master_Degree_ITC+UGA/02. ENES3_SGB_UGA/02. New Technology/PEMFC/Speed 
ms-1_1.png, id=150, 410.4936pt x 299.1978pt>
File: E:/07. Master_Degree_ITC+UGA/02. ENES3_SGB_UGA/02. New Technology/PEMFC/S
peed ms-1_1.png Graphic file (type png)
<use E:/07. Master_Degree_ITC+UGA/02. ENES3_SGB_UGA/02. New Technology/PEMFC/Sp
eed ms-1_1.png>
Package pdftex.def Info: E:/07. Master_Degree_ITC+UGA/02. ENES3_SGB_UGA/02. New
 Technology/PEMFC/Speed ms-1_1.png  used on input line 130.
(pdftex.def)             Requested size: 241.70557pt x 176.17363pt.

Overfull \hbox (33.35315pt too wide) in paragraph at lines 128--134
 [][] 
 []

<E:/07. Master_Degree_ITC+UGA/02. ENES3_SGB_UGA/02. New Technology/PEMFC/2.png,
 id=152, 273.68916pt x 117.10417pt>
File: E:/07. Master_Degree_ITC+UGA/02. ENES3_SGB_UGA/02. New Technology/PEMFC/2
.png Graphic file (type png)
<use E:/07. Master_Degree_ITC+UGA/02. ENES3_SGB_UGA/02. New Technology/PEMFC/2.
png>
Package pdftex.def Info: E:/07. Master_Degree_ITC+UGA/02. ENES3_SGB_UGA/02. New
 Technology/PEMFC/2.png  used on input line 145.
(pdftex.def)             Requested size: 352.48889pt x 150.82018pt.

LaTeX Warning: `h' float specifier changed to `ht'.

[2 <e:/07. Master_Degree_ITC+UGA/02. ENES3_SGB_UGA/02. New Technology/PEMFC/Spe
ed_1.png> <e:/07. Master_Degree_ITC+UGA/02. ENES3_SGB_UGA/02. New Technology/PE
MFC/Speed ms-1_1.png>]
<E:/07. Master_Degree_ITC+UGA/02. ENES3_SGB_UGA/02. New Technology/PEMFC/Accele
ration_1.png, id=171, 425.30894pt x 298.4751pt>
File: E:/07. Master_Degree_ITC+UGA/02. ENES3_SGB_UGA/02. New Technology/PEMFC/A
cceleration_1.png Graphic file (type png)
<use E:/07. Master_Degree_ITC+UGA/02. ENES3_SGB_UGA/02. New Technology/PEMFC/Ac
celeration_1.png>
Package pdftex.def Info: E:/07. Master_Degree_ITC+UGA/02. ENES3_SGB_UGA/02. New
 Technology/PEMFC/Acceleration_1.png  used on input line 179.
(pdftex.def)             Requested size: 327.30946pt x 229.71268pt.

! Missing $ inserted.
<inserted text> 
                $
l.189 
      
I've inserted a begin-math/end-math symbol since I think
you left one out. Proceed, with fingers crossed.

! Missing } inserted.
<inserted text> 
                }
l.189 
      
I've inserted something that you may have forgotten.
(See the <inserted text> above.)
With luck, this will get me unwedged. But if you
really didn't forget anything, try typing `2' now; then
my insertion and my current dilemma will both disappear.

! Display math should end with $$.
<to be read again> 
                   \@@par 
l.189 
      
The `$' that I just saw supposedly matches a previous `$$'.
So I shall assume that you typed `$$' both times.

! Extra }, or forgotten \endgroup.
\par ...m \@noitemerr {\@@par }\fi \else {\@@par }
                                                  \fi 
l.189 
      
I've deleted a group-closing symbol because it seems to be
spurious, as in `$x}$'. But perhaps the } is legitimate and
you forgot something else, as in `\hbox{$x}'. In such cases
the way to recover is to insert both the forgotten and the
deleted material, e.g., by typing `I$}'.

! Missing $ inserted.
<inserted text> 
                $
l.193 				F_
            {air}(t) = \frac{1}{2}\rho_{air}v^2CA = \frac{1}{2}\times1.2\tim...
I've inserted a begin-math/end-math symbol since I think
you left one out. Proceed, with fingers crossed.

! Double subscript.
l.193 ... = \frac{1}{2}\times1.2\times 	v^2_{m/s}_
                                                  {,t}\times0.29\times 		2.2...
I treat `x_1_2' essentially like `x_1{}_2'.

! You can't use `\eqno' in math mode.
\endmathdisplay@a ...\df@tag \@empty \else \veqno 
                                                  \alt@tag \df@tag \fi \ifx ...
l.194 			\end{equation}
                       
Sorry, but I'm not programmed to handle this case;
I'll just pretend that you didn't ask for it.
If you're in the wrong mode, you might be able to
return to the right one by typing `I}' or `I$' or `I\par'.

! Missing $ inserted.
<inserted text> 
                $
l.194 			\end{equation}
                       
I've inserted something that you may have forgotten.
(See the <inserted text> above.)
With luck, this will get me unwedged. But if you
really didn't forget anything, try typing `2' now; then
my insertion and my current dilemma will both disappear.

[3 <e:/07. Master_Degree_ITC+UGA/02. ENES3_SGB_UGA/02. New Technology/PEMFC/2.p
ng> <e:/07. Master_Degree_ITC+UGA/02. ENES3_SGB_UGA/02. New Technology/PEMFC/Ac
celeration_1.png>]
<E:/07. Master_Degree_ITC+UGA/02. ENES3_SGB_UGA/02. New Technology/PEMFC/Fair_1
.png, id=198, 413.02306pt x 299.1978pt>
File: E:/07. Master_Degree_ITC+UGA/02. ENES3_SGB_UGA/02. New Technology/PEMFC/F
air_1.png Graphic file (type png)
<use E:/07. Master_Degree_ITC+UGA/02. ENES3_SGB_UGA/02. New Technology/PEMFC/Fa
ir_1.png>
Package pdftex.def Info: E:/07. Master_Degree_ITC+UGA/02. ENES3_SGB_UGA/02. New
 Technology/PEMFC/Fair_1.png  used on input line 216.
(pdftex.def)             Requested size: 241.70557pt x 175.09619pt.
<E:/07. Master_Degree_ITC+UGA/02. ENES3_SGB_UGA/02. New Technology/PEMFC/Total_
Force_1.png, id=199, 428.5611pt x 302.8113pt>
File: E:/07. Master_Degree_ITC+UGA/02. ENES3_SGB_UGA/02. New Technology/PEMFC/T
otal_Force_1.png Graphic file (type png)
<use E:/07. Master_Degree_ITC+UGA/02. ENES3_SGB_UGA/02. New Technology/PEMFC/To
tal_Force_1.png>
Package pdftex.def Info: E:/07. Master_Degree_ITC+UGA/02. ENES3_SGB_UGA/02. New
 Technology/PEMFC/Total_Force_1.png  used on input line 217.
(pdftex.def)             Requested size: 241.70557pt x 170.78836pt.

Overfull \hbox (33.35315pt too wide) in paragraph at lines 215--221
 [][] 
 []

[4 <e:/07. Master_Degree_ITC+UGA/02. ENES3_SGB_UGA/02. New Technology/PEMFC/Fai
r_1.png> <e:/07. Master_Degree_ITC+UGA/02. ENES3_SGB_UGA/02. New Technology/PEM
FC/Total_Force_1.png>]
<E:/07. Master_Degree_ITC+UGA/02. ENES3_SGB_UGA/02. New Technology/PEMFC/Power_
1.png, id=215, 426.93503pt x 303.71468pt>
File: E:/07. Master_Degree_ITC+UGA/02. ENES3_SGB_UGA/02. New Technology/PEMFC/P
ower_1.png Graphic file (type png)
<use E:/07. Master_Degree_ITC+UGA/02. ENES3_SGB_UGA/02. New Technology/PEMFC/Po
wer_1.png>
Package pdftex.def Info: E:/07. Master_Degree_ITC+UGA/02. ENES3_SGB_UGA/02. New
 Technology/PEMFC/Power_1.png  used on input line 247.
(pdftex.def)             Requested size: 352.48889pt x 250.76695pt.
<E:/07. Master_Degree_ITC+UGA/02. ENES3_SGB_UGA/02. New Technology/PEMFC/DC.jpg
, id=216, 927.465pt x 560.0925pt>
File: E:/07. Master_Degree_ITC+UGA/02. ENES3_SGB_UGA/02. New Technology/PEMFC/D
C.jpg Graphic file (type jpg)
<use E:/07. Master_Degree_ITC+UGA/02. ENES3_SGB_UGA/02. New Technology/PEMFC/DC
.jpg>
Package pdftex.def Info: E:/07. Master_Degree_ITC+UGA/02. ENES3_SGB_UGA/02. New
 Technology/PEMFC/DC.jpg  used on input line 260.
(pdftex.def)             Requested size: 402.84775pt x 243.27931pt.
 [5 <e:/07. Master_Degree_ITC+UGA/02. ENES3_SGB_UGA/02. New Technology/PEMFC/Po
wer_1.png> <e:/07. Master_Degree_ITC+UGA/02. ENES3_SGB_UGA/02. New Technology/P
EMFC/DC.jpg>]
<E:/07. Master_Degree_ITC+UGA/02. ENES3_SGB_UGA/02. New Technology/PEMFC/Questi
on_B.png, id=223, 867.24pt x 578.16pt>
File: E:/07. Master_Degree_ITC+UGA/02. ENES3_SGB_UGA/02. New Technology/PEMFC/Q
uestion_B.png Graphic file (type png)
<use E:/07. Master_Degree_ITC+UGA/02. ENES3_SGB_UGA/02. New Technology/PEMFC/Qu
estion_B.png>
Package pdftex.def Info: E:/07. Master_Degree_ITC+UGA/02. ENES3_SGB_UGA/02. New
 Technology/PEMFC/Question_B.png  used on input line 267.
(pdftex.def)             Requested size: 478.37834pt x 318.9241pt.
 [6 <e:/07. Master_Degree_ITC+UGA/02. ENES3_SGB_UGA/02. New Technology/PEMFC/Qu
estion_B.png>]
<E:/07. Master_Degree_ITC+UGA/02. ENES3_SGB_UGA/02. New Technology/PEMFC/Questi
on_C.png, id=232, 722.7pt x 578.16pt>
File: E:/07. Master_Degree_ITC+UGA/02. ENES3_SGB_UGA/02. New Technology/PEMFC/Q
uestion_C.png Graphic file (type png)
<use E:/07. Master_Degree_ITC+UGA/02. ENES3_SGB_UGA/02. New Technology/PEMFC/Qu
estion_C.png>
Package pdftex.def Info: E:/07. Master_Degree_ITC+UGA/02. ENES3_SGB_UGA/02. New
 Technology/PEMFC/Question_C.png  used on input line 299.
(pdftex.def)             Requested size: 478.37834pt x 382.70717pt.
 [7 <e:/07. Master_Degree_ITC+UGA/02. ENES3_SGB_UGA/02. New Technology/PEMFC/Qu
estion_C.png>]

Package hyperref Warning: Token not allowed in a PDF string (PDFDocEncoding):
(hyperref)                removing `math shift' on input line 322.


Package hyperref Warning: Token not allowed in a PDF string (PDFDocEncoding):
(hyperref)                removing `\alpha' on input line 322.


Package hyperref Warning: Token not allowed in a PDF string (PDFDocEncoding):
(hyperref)                removing `superscript' on input line 322.


Package hyperref Warning: Token not allowed in a PDF string (PDFDocEncoding):
(hyperref)                removing `\circ' on input line 322.


Package hyperref Warning: Token not allowed in a PDF string (PDFDocEncoding):
(hyperref)                removing `math shift' on input line 322.


Package hyperref Warning: Token not allowed in a PDF string (PDFDocEncoding):
(hyperref)                removing `math shift' on input line 322.


Package hyperref Warning: Token not allowed in a PDF string (PDFDocEncoding):
(hyperref)                removing `\alpha' on input line 322.


Package hyperref Warning: Token not allowed in a PDF string (PDFDocEncoding):
(hyperref)                removing `superscript' on input line 322.


Package hyperref Warning: Token not allowed in a PDF string (PDFDocEncoding):
(hyperref)                removing `\circ' on input line 322.


Package hyperref Warning: Token not allowed in a PDF string (PDFDocEncoding):
(hyperref)                removing `math shift' on input line 322.


Package hyperref Warning: Token not allowed in a PDF string (PDFDocEncoding):
(hyperref)                removing `math shift' on input line 324.


Package hyperref Warning: Token not allowed in a PDF string (PDFDocEncoding):
(hyperref)                removing `\alpha' on input line 324.


Package hyperref Warning: Token not allowed in a PDF string (PDFDocEncoding):
(hyperref)                removing `superscript' on input line 324.


Package hyperref Warning: Token not allowed in a PDF string (PDFDocEncoding):
(hyperref)                removing `\circ' on input line 324.


Package hyperref Warning: Token not allowed in a PDF string (PDFDocEncoding):
(hyperref)                removing `math shift' on input line 324.

<E:/07. Master_Degree_ITC+UGA/02. ENES3_SGB_UGA/02. New Technology/PEMFC/Questi
on_A_130.png, id=247, 433.62pt x 578.16pt>
File: E:/07. Master_Degree_ITC+UGA/02. ENES3_SGB_UGA/02. New Technology/PEMFC/Q
uestion_A_130.png Graphic file (type png)
<use E:/07. Master_Degree_ITC+UGA/02. ENES3_SGB_UGA/02. New Technology/PEMFC/Qu
estion_A_130.png>
Package pdftex.def Info: E:/07. Master_Degree_ITC+UGA/02. ENES3_SGB_UGA/02. New
 Technology/PEMFC/Question_A_130.png  used on input line 327.
(pdftex.def)             Requested size: 417.95386pt x 557.30338pt.
[8 <e:/07. Master_Degree_ITC+UGA/02. ENES3_SGB_UGA/02. New Technology/PEMFC/Que
stion_A_130.png>]
<E:/07. Master_Degree_ITC+UGA/02. ENES3_SGB_UGA/02. New Technology/PEMFC/Questi
on_B_130.png, id=261, 578.16pt x 578.16pt>
File: E:/07. Master_Degree_ITC+UGA/02. ENES3_SGB_UGA/02. New Technology/PEMFC/Q
uestion_B_130.png Graphic file (type png)
<use E:/07. Master_Degree_ITC+UGA/02. ENES3_SGB_UGA/02. New Technology/PEMFC/Qu
estion_B_130.png>
Package pdftex.def Info: E:/07. Master_Degree_ITC+UGA/02. ENES3_SGB_UGA/02. New
 Technology/PEMFC/Question_B_130.png  used on input line 344.
(pdftex.def)             Requested size: 453.19891pt x 453.19495pt.
<E:/07. Master_Degree_ITC+UGA/02. ENES3_SGB_UGA/02. New Technology/PEMFC/Questi
on_C_130.png, id=263, 578.16pt x 578.16pt>
File: E:/07. Master_Degree_ITC+UGA/02. ENES3_SGB_UGA/02. New Technology/PEMFC/Q
uestion_C_130.png Graphic file (type png)
<use E:/07. Master_Degree_ITC+UGA/02. ENES3_SGB_UGA/02. New Technology/PEMFC/Qu
estion_C_130.png>
Package pdftex.def Info: E:/07. Master_Degree_ITC+UGA/02. ENES3_SGB_UGA/02. New
 Technology/PEMFC/Question_C_130.png  used on input line 353.
(pdftex.def)             Requested size: 453.19891pt x 453.19495pt.


LaTeX Warning: `h' float specifier changed to `ht'.

[9 <e:/07. Master_Degree_ITC+UGA/02. ENES3_SGB_UGA/02. New Technology/PEMFC/Que
stion_B_130.png>] [10 <e:/07. Master_Degree_ITC+UGA/02. ENES3_SGB_UGA/02. New T
echnology/PEMFC/Question_C_130.png>]

Package hyperref Warning: Token not allowed in a PDF string (PDFDocEncoding):
(hyperref)                removing `math shift' on input line 392.


Package hyperref Warning: Token not allowed in a PDF string (PDFDocEncoding):
(hyperref)                removing `\alpha' on input line 392.


Package hyperref Warning: Token not allowed in a PDF string (PDFDocEncoding):
(hyperref)                removing `superscript' on input line 392.


Package hyperref Warning: Token not allowed in a PDF string (PDFDocEncoding):
(hyperref)                removing `\circ' on input line 392.


Package hyperref Warning: Token not allowed in a PDF string (PDFDocEncoding):
(hyperref)                removing `math shift' on input line 392.

<E:/07. Master_Degree_ITC+UGA/02. ENES3_SGB_UGA/02. New Technology/PEMFC/Questi
on_A_130_V2.png, id=276, 578.16pt x 722.7pt>
File: E:/07. Master_Degree_ITC+UGA/02. ENES3_SGB_UGA/02. New Technology/PEMFC/Q
uestion_A_130_V2.png Graphic file (type png)
<use E:/07. Master_Degree_ITC+UGA/02. ENES3_SGB_UGA/02. New Technology/PEMFC/Qu
estion_A_130_V2.png>
Package pdftex.def Info: E:/07. Master_Degree_ITC+UGA/02. ENES3_SGB_UGA/02. New
 Technology/PEMFC/Question_A_130_V2.png  used on input line 397.
(pdftex.def)             Requested size: 438.09279pt x 547.61461pt.
[11 <e:/07. Master_Degree_ITC+UGA/02. ENES3_SGB_UGA/02. New Technology/PEMFC/Qu
estion_A_130_V2.png>]
<E:/07. Master_Degree_ITC+UGA/02. ENES3_SGB_UGA/02. New Technology/PEMFC/Questi
on_B_130_V2.png, id=288, 578.16pt x 722.7pt>
File: E:/07. Master_Degree_ITC+UGA/02. ENES3_SGB_UGA/02. New Technology/PEMFC/Q
uestion_B_130_V2.png Graphic file (type png)
<use E:/07. Master_Degree_ITC+UGA/02. ENES3_SGB_UGA/02. New Technology/PEMFC/Qu
estion_B_130_V2.png>
Package pdftex.def Info: E:/07. Master_Degree_ITC+UGA/02. ENES3_SGB_UGA/02. New
 Technology/PEMFC/Question_B_130_V2.png  used on input line 420.
(pdftex.def)             Requested size: 417.95386pt x 522.43883pt.
<E:/07. Master_Degree_ITC+UGA/02. ENES3_SGB_UGA/02. New Technology/PEMFC/Questi
on_C_130_V2.png, id=290, 578.16pt x 578.16pt>
File: E:/07. Master_Degree_ITC+UGA/02. ENES3_SGB_UGA/02. New Technology/PEMFC/Q
uestion_C_130_V2.png Graphic file (type png)
<use E:/07. Master_Degree_ITC+UGA/02. ENES3_SGB_UGA/02. New Technology/PEMFC/Qu
estion_C_130_V2.png>
Package pdftex.def Info: E:/07. Master_Degree_ITC+UGA/02. ENES3_SGB_UGA/02. New
 Technology/PEMFC/Question_C_130_V2.png  used on input line 429.
(pdftex.def)             Requested size: 478.37834pt x 478.37294pt.


LaTeX Warning: `h' float specifier changed to `ht'.

[12 <e:/07. Master_Degree_ITC+UGA/02. ENES3_SGB_UGA/02. New Technology/PEMFC/Qu
estion_B_130_V2.png>] [13 <e:/07. Master_Degree_ITC+UGA/02. ENES3_SGB_UGA/02. N
ew Technology/PEMFC/Question_C_130_V2.png>]
! Missing \endcsname inserted.
<to be read again> 
                   \protect 
l.467 ... the fuel cell system with WLTC profile}}
                                                  
The control sequence marked <to be read again> should
not appear between \csname and \endcsname.

! Missing number, treated as zero.
<to be read again> 
                   \c@ 
l.467 ... the fuel cell system with WLTC profile}}
                                                  
A number should have been here; I inserted `0'.
(If you can't figure out why I needed to see a number,
look up `weird error' in the index to The TeXbook.)

! Extra \endcsname.
\Roman ...andafter \@Roman \csname c@#1\endcsname 
                                                  
l.467 ... the fuel cell system with WLTC profile}}
                                                  
I'm ignoring this, since I wasn't doing a \csname.


Package hyperref Warning: Token not allowed in a PDF string (PDFDocEncoding):
(hyperref)                removing `math shift' on input line 467.


Package hyperref Warning: Token not allowed in a PDF string (PDFDocEncoding):
(hyperref)                removing `\@@underline' on input line 467.


Package hyperref Warning: Token not allowed in a PDF string (PDFDocEncoding):
(hyperref)                removing `\hbox' on input line 467.


Package hyperref Warning: Token not allowed in a PDF string (PDFDocEncoding):
(hyperref)                removing `\mathsurround' on input line 467.


Package hyperref Warning: Token not allowed in a PDF string (PDFDocEncoding):
(hyperref)                removing `\z@' on input line 467.


Package hyperref Warning: Token not allowed in a PDF string (PDFDocEncoding):
(hyperref)                removing `math shift' on input line 467.

<E:/07. Master_Degree_ITC+UGA/02. ENES3_SGB_UGA/02. New Technology/PEMFC/Power_
of_Air_compressor.png, id=310, 433.62pt x 433.62pt>
File: E:/07. Master_Degree_ITC+UGA/02. ENES3_SGB_UGA/02. New Technology/PEMFC/P
ower_of_Air_compressor.png Graphic file (type png)
<use E:/07. Master_Degree_ITC+UGA/02. ENES3_SGB_UGA/02. New Technology/PEMFC/Po
wer_of_Air_compressor.png>
Package pdftex.def Info: E:/07. Master_Degree_ITC+UGA/02. ENES3_SGB_UGA/02. New
 Technology/PEMFC/Power_of_Air_compressor.png  used on input line 527.
(pdftex.def)             Requested size: 453.19891pt x 453.22362pt.

LaTeX Warning: `h' float specifier changed to `ht'.

[14] [15 <e:/07. Master_Degree_ITC+UGA/02. ENES3_SGB_UGA/02. New Technology/PEM
FC/Power_of_Air_compressor.png>]
<E:/07. Master_Degree_ITC+UGA/02. ENES3_SGB_UGA/02. New Technology/PEMFC/Power_
of_Fuel_Cell.png, id=333, 433.62pt x 433.62pt>
File: E:/07. Master_Degree_ITC+UGA/02. ENES3_SGB_UGA/02. New Technology/PEMFC/P
ower_of_Fuel_Cell.png Graphic file (type png)
<use E:/07. Master_Degree_ITC+UGA/02. ENES3_SGB_UGA/02. New Technology/PEMFC/Po
wer_of_Fuel_Cell.png>
Package pdftex.def Info: E:/07. Master_Degree_ITC+UGA/02. ENES3_SGB_UGA/02. New
 Technology/PEMFC/Power_of_Fuel_Cell.png  used on input line 560.
(pdftex.def)             Requested size: 453.19891pt x 453.22362pt.
 [16 <e:/07. Master_Degree_ITC+UGA/02. ENES3_SGB_UGA/02. New Technology/PEMFC/P
ower_of_Fuel_Cell.png>]
<E:/07. Master_Degree_ITC+UGA/02. ENES3_SGB_UGA/02. New Technology/PEMFC/Hydrog
en Consumption vs Current Density in fit with fifth degree polynomial.png, id=3
43, 433.62pt x 289.08pt>
File: E:/07. Master_Degree_ITC+UGA/02. ENES3_SGB_UGA/02. New Technology/PEMFC/H
ydrogen Consumption vs Current Density in fit with fifth degree polynomial.png 
Graphic file (type png)
<use E:/07. Master_Degree_ITC+UGA/02. ENES3_SGB_UGA/02. New Technology/PEMFC/Hy
drogen Consumption vs Current Density in fit with fifth degree polynomial.png>
Package pdftex.def Info: E:/07. Master_Degree_ITC+UGA/02. ENES3_SGB_UGA/02. New
 Technology/PEMFC/Hydrogen Consumption vs Current Density in fit with fifth deg
ree polynomial.png  used on input line 588.
(pdftex.def)             Requested size: 402.84775pt x 268.57695pt.


! Package inputenc Error: Unicode character  (U+000B)
(inputenc)                not set up for use with LaTeX.

See the inputenc package documentation for explanation.
Type  H <return>  for immediate help.
 ...                                              
                                                  
l.604 ...-07 x^3 + 4E-05 x^2 + 0.0055 x + 0.002, 
                                                  R^2 = 1
You may provide a definition with
\DeclareUnicodeCharacter 

[17 <e:/07. Master_Degree_ITC+UGA/02. ENES3_SGB_UGA/02. New Technology/PEMFC/Hy
drogen Consumption vs Current Density in fit with fifth degree polynomial.png>]
[18] [19]
! Extra }, or forgotten $.
l.753 ...{\text{Consumption of Hydrogen Average}}}
                                                   / 100} & \text{if }\text{...
I've deleted a group-closing symbol because it seems to be
spurious, as in `$x}$'. But perhaps the } is legitimate and
you forgot something else, as in `\hbox{$x}'. In such cases
the way to recover is to insert both the forgotten and the
deleted material, e.g., by typing `I$}'.

! Extra }, or forgotten $.
l.753 ...Consumption of Hydrogen Average}}} / 100}
                                                   & \text{if }\text{Consump...
I've deleted a group-closing symbol because it seems to be
spurious, as in `$x}$'. But perhaps the } is legitimate and
you forgot something else, as in `\hbox{$x}'. In such cases
the way to recover is to insert both the forgotten and the
deleted material, e.g., by typing `I$}'.

<E:/07. Master_Degree_ITC+UGA/02. ENES3_SGB_UGA/02. New Technology/PEMFC/Hydrog
en_Mass_and_Efficiency.png, id=378, 722.7pt x 578.16pt>
File: E:/07. Master_Degree_ITC+UGA/02. ENES3_SGB_UGA/02. New Technology/PEMFC/H
ydrogen_Mass_and_Efficiency.png Graphic file (type png)
<use E:/07. Master_Degree_ITC+UGA/02. ENES3_SGB_UGA/02. New Technology/PEMFC/Hy
drogen_Mass_and_Efficiency.png>
Package pdftex.def Info: E:/07. Master_Degree_ITC+UGA/02. ENES3_SGB_UGA/02. New
 Technology/PEMFC/Hydrogen_Mass_and_Efficiency.png  used on input line 763.
(pdftex.def)             Requested size: 503.55777pt x 402.8478pt.
[20 <e:/07. Master_Degree_ITC+UGA/02. ENES3_SGB_UGA/02. New Technology/PEMFC/Hy
drogen_Mass_and_Efficiency.png>]
<E:/07. Master_Degree_ITC+UGA/02. ENES3_SGB_UGA/02. New Technology/PEMFC/C1/Que
stion_A.png, id=390, 867.24pt x 722.7pt>
File: E:/07. Master_Degree_ITC+UGA/02. ENES3_SGB_UGA/02. New Technology/PEMFC/C
1/Question_A.png Graphic file (type png)
<use E:/07. Master_Degree_ITC+UGA/02. ENES3_SGB_UGA/02. New Technology/PEMFC/C1
/Question_A.png>
Package pdftex.def Info: E:/07. Master_Degree_ITC+UGA/02. ENES3_SGB_UGA/02. New
 Technology/PEMFC/C1/Question_A.png  used on input line 825.
(pdftex.def)             Requested size: 503.55777pt x 419.64047pt.
 [21] [22 <e:/07. Master_Degree_ITC+UGA/02. ENES3_SGB_UGA/02. New Technology/PE
MFC/C1/Question_A.png>]
<E:/07. Master_Degree_ITC+UGA/02. ENES3_SGB_UGA/02. New Technology/PEMFC/C1/Que
stion_C.png, id=409, 722.7pt x 578.16pt>
File: E:/07. Master_Degree_ITC+UGA/02. ENES3_SGB_UGA/02. New Technology/PEMFC/C
1/Question_C.png Graphic file (type png)
<use E:/07. Master_Degree_ITC+UGA/02. ENES3_SGB_UGA/02. New Technology/PEMFC/C1
/Question_C.png>
Package pdftex.def Info: E:/07. Master_Degree_ITC+UGA/02. ENES3_SGB_UGA/02. New
 Technology/PEMFC/C1/Question_C.png  used on input line 842.
(pdftex.def)             Requested size: 503.55777pt x 402.8478pt.
 [23 <e:/07. Master_Degree_ITC+UGA/02. ENES3_SGB_UGA/02. New Technology/PEMFC/C
1/Question_C.png>]
<E:/07. Master_Degree_ITC+UGA/02. ENES3_SGB_UGA/02. New Technology/PEMFC/C1/Hyd
rogen_Mass_and_Efficiency.png, id=429, 722.7pt x 578.16pt>
File: E:/07. Master_Degree_ITC+UGA/02. ENES3_SGB_UGA/02. New Technology/PEMFC/C
1/Hydrogen_Mass_and_Efficiency.png Graphic file (type png)
<use E:/07. Master_Degree_ITC+UGA/02. ENES3_SGB_UGA/02. New Technology/PEMFC/C1
/Hydrogen_Mass_and_Efficiency.png>
Package pdftex.def Info: E:/07. Master_Degree_ITC+UGA/02. ENES3_SGB_UGA/02. New
 Technology/PEMFC/C1/Hydrogen_Mass_and_Efficiency.png  used on input line 877.
(pdftex.def)             Requested size: 503.55777pt x 402.8478pt.

[24 <e:/07. Master_Degree_ITC+UGA/02. ENES3_SGB_UGA/02. New Technology/PEMFC/C1
/Hydrogen_Mass_and_Efficiency.png>]
<E:/07. Master_Degree_ITC+UGA/02. ENES3_SGB_UGA/02. New Technology/PEMFC/C2/Que
stion_A.png, id=440, 867.24pt x 722.7pt>
File: E:/07. Master_Degree_ITC+UGA/02. ENES3_SGB_UGA/02. New Technology/PEMFC/C
2/Question_A.png Graphic file (type png)
<use E:/07. Master_Degree_ITC+UGA/02. ENES3_SGB_UGA/02. New Technology/PEMFC/C2
/Question_A.png>
Package pdftex.def Info: E:/07. Master_Degree_ITC+UGA/02. ENES3_SGB_UGA/02. New
 Technology/PEMFC/C2/Question_A.png  used on input line 899.
(pdftex.def)             Requested size: 503.55777pt x 419.64047pt.
 [25 <e:/07. Master_Degree_ITC+UGA/02. ENES3_SGB_UGA/02. New Technology/PEMFC/C
2/Question_A.png>]
<E:/07. Master_Degree_ITC+UGA/02. ENES3_SGB_UGA/02. New Technology/PEMFC/C2/Que
stion_C.png, id=455, 722.7pt x 578.16pt>
File: E:/07. Master_Degree_ITC+UGA/02. ENES3_SGB_UGA/02. New Technology/PEMFC/C
2/Question_C.png Graphic file (type png)
<use E:/07. Master_Degree_ITC+UGA/02. ENES3_SGB_UGA/02. New Technology/PEMFC/C2
/Question_C.png>
Package pdftex.def Info: E:/07. Master_Degree_ITC+UGA/02. ENES3_SGB_UGA/02. New
 Technology/PEMFC/C2/Question_C.png  used on input line 914.
(pdftex.def)             Requested size: 453.19891pt x 362.55772pt.
 [26 <e:/07. Master_Degree_ITC+UGA/02. ENES3_SGB_UGA/02. New Technology/PEMFC/C
2/Question_C.png>]
<E:/07. Master_Degree_ITC+UGA/02. ENES3_SGB_UGA/02. New Technology/PEMFC/C2/Hyd
rogen_Mass_and_Efficiency.png, id=473, 722.7pt x 578.16pt>
File: E:/07. Master_Degree_ITC+UGA/02. ENES3_SGB_UGA/02. New Technology/PEMFC/C
2/Hydrogen_Mass_and_Efficiency.png Graphic file (type png)
<use E:/07. Master_Degree_ITC+UGA/02. ENES3_SGB_UGA/02. New Technology/PEMFC/C2
/Hydrogen_Mass_and_Efficiency.png>
Package pdftex.def Info: E:/07. Master_Degree_ITC+UGA/02. ENES3_SGB_UGA/02. New
 Technology/PEMFC/C2/Hydrogen_Mass_and_Efficiency.png  used on input line 950.
(pdftex.def)             Requested size: 478.37834pt x 382.70717pt.

[27 <e:/07. Master_Degree_ITC+UGA/02. ENES3_SGB_UGA/02. New Technology/PEMFC/C2
/Hydrogen_Mass_and_Efficiency.png>]
! Missing \endcsname inserted.
<to be read again> 
                   \protect 
l.968 ...sis of the fuel cell system at 130 km/h}}
                                                  
The control sequence marked <to be read again> should
not appear between \csname and \endcsname.

! Missing number, treated as zero.
<to be read again> 
                   \c@ 
l.968 ...sis of the fuel cell system at 130 km/h}}
                                                  
A number should have been here; I inserted `0'.
(If you can't figure out why I needed to see a number,
look up `weird error' in the index to The TeXbook.)

! Extra \endcsname.
\Roman ...andafter \@Roman \csname c@#1\endcsname 
                                                  
l.968 ...sis of the fuel cell system at 130 km/h}}
                                                  
I'm ignoring this, since I wasn't doing a \csname.


Package hyperref Warning: Token not allowed in a PDF string (PDFDocEncoding):
(hyperref)                removing `math shift' on input line 968.


Package hyperref Warning: Token not allowed in a PDF string (PDFDocEncoding):
(hyperref)                removing `\@@underline' on input line 968.


Package hyperref Warning: Token not allowed in a PDF string (PDFDocEncoding):
(hyperref)                removing `\hbox' on input line 968.


Package hyperref Warning: Token not allowed in a PDF string (PDFDocEncoding):
(hyperref)                removing `\mathsurround' on input line 968.


Package hyperref Warning: Token not allowed in a PDF string (PDFDocEncoding):
(hyperref)                removing `\z@' on input line 968.


Package hyperref Warning: Token not allowed in a PDF string (PDFDocEncoding):
(hyperref)                removing `math shift' on input line 968.


Package hyperref Warning: Token not allowed in a PDF string (PDFDocEncoding):
(hyperref)                removing `math shift' on input line 972.


Package hyperref Warning: Token not allowed in a PDF string (PDFDocEncoding):
(hyperref)                removing `\alpha' on input line 972.


Package hyperref Warning: Token not allowed in a PDF string (PDFDocEncoding):
(hyperref)                removing `superscript' on input line 972.


Package hyperref Warning: Token not allowed in a PDF string (PDFDocEncoding):
(hyperref)                removing `\circ' on input line 972.


Package hyperref Warning: Token not allowed in a PDF string (PDFDocEncoding):
(hyperref)                removing `math shift' on input line 972.

<E:/07. Master_Degree_ITC+UGA/02. ENES3_SGB_UGA/02. New Technology/PEMFC/C3/Que
stion_3.png, id=483, 722.7pt x 578.16pt>
File: E:/07. Master_Degree_ITC+UGA/02. ENES3_SGB_UGA/02. New Technology/PEMFC/C
3/Question_3.png Graphic file (type png)
<use E:/07. Master_Degree_ITC+UGA/02. ENES3_SGB_UGA/02. New Technology/PEMFC/C3
/Question_3.png>
Package pdftex.def Info: E:/07. Master_Degree_ITC+UGA/02. ENES3_SGB_UGA/02. New
 Technology/PEMFC/C3/Question_3.png  used on input line 976.
(pdftex.def)             Requested size: 402.84775pt x 322.27647pt.
<E:/07. Master_Degree_ITC+UGA/02. ENES3_SGB_UGA/02. New Technology/PEMFC/C3/Hyd
rogen_Mass_and_Efficiency.png, id=484, 722.7pt x 578.16pt>
File: E:/07. Master_Degree_ITC+UGA/02. ENES3_SGB_UGA/02. New Technology/PEMFC/C
3/Hydrogen_Mass_and_Efficiency.png Graphic file (type png)
<use E:/07. Master_Degree_ITC+UGA/02. ENES3_SGB_UGA/02. New Technology/PEMFC/C3
/Hydrogen_Mass_and_Efficiency.png>
Package pdftex.def Info: E:/07. Master_Degree_ITC+UGA/02. ENES3_SGB_UGA/02. New
 Technology/PEMFC/C3/Hydrogen_Mass_and_Efficiency.png  used on input line 982.
(pdftex.def)             Requested size: 322.27666pt x 257.82294pt.

Package hyperref Warning: Token not allowed in a PDF string (PDFDocEncoding):
(hyperref)                removing `math shift' on input line 987.


Package hyperref Warning: Token not allowed in a PDF string (PDFDocEncoding):
(hyperref)                removing `\alpha' on input line 987.


Package hyperref Warning: Token not allowed in a PDF string (PDFDocEncoding):
(hyperref)                removing `superscript' on input line 987.


Package hyperref Warning: Token not allowed in a PDF string (PDFDocEncoding):
(hyperref)                removing `\circ' on input line 987.


Package hyperref Warning: Token not allowed in a PDF string (PDFDocEncoding):
(hyperref)                removing `math shift' on input line 987.

<E:/07. Master_Degree_ITC+UGA/02. ENES3_SGB_UGA/02. New Technology/PEMFC/C4/Hyd
rogen_Mass_and_Efficiency.png, id=485, 722.7pt x 578.16pt>
File: E:/07. Master_Degree_ITC+UGA/02. ENES3_SGB_UGA/02. New Technology/PEMFC/C
4/Hydrogen_Mass_and_Efficiency.png Graphic file (type png)
<use E:/07. Master_Degree_ITC+UGA/02. ENES3_SGB_UGA/02. New Technology/PEMFC/C4
/Hydrogen_Mass_and_Efficiency.png>
Package pdftex.def Info: E:/07. Master_Degree_ITC+UGA/02. ENES3_SGB_UGA/02. New
 Technology/PEMFC/C4/Hydrogen_Mass_and_Efficiency.png  used on input line 990.
(pdftex.def)             Requested size: 317.24385pt x 253.79129pt.
[28 <e:/07. Master_Degree_ITC+UGA/02. ENES3_SGB_UGA/02. New Technology/PEMFC/C3
/Question_3.png>] [29 <e:/07. Master_Degree_ITC+UGA/02. ENES3_SGB_UGA/02. New T
echnology/PEMFC/C3/Hydrogen_Mass_and_Efficiency.png> <e:/07. Master_Degree_ITC+
UGA/02. ENES3_SGB_UGA/02. New Technology/PEMFC/C4/Hydrogen_Mass_and_Efficiency.
png>]
<E:/07. Master_Degree_ITC+UGA/02. ENES3_SGB_UGA/02. New Technology/PEMFC/C4/Que
stion_3.png, id=500, 722.7pt x 578.16pt>
File: E:/07. Master_Degree_ITC+UGA/02. ENES3_SGB_UGA/02. New Technology/PEMFC/C
4/Question_3.png Graphic file (type png)
<use E:/07. Master_Degree_ITC+UGA/02. ENES3_SGB_UGA/02. New Technology/PEMFC/C4
/Question_3.png>
Package pdftex.def Info: E:/07. Master_Degree_ITC+UGA/02. ENES3_SGB_UGA/02. New
 Technology/PEMFC/C4/Question_3.png  used on input line 997.
(pdftex.def)             Requested size: 302.13773pt x 241.70514pt.


Package hyperref Warning: Token not allowed in a PDF string (PDFDocEncoding):
(hyperref)                removing `math shift' on input line 1002.


Package hyperref Warning: Token not allowed in a PDF string (PDFDocEncoding):
(hyperref)                removing `\alpha' on input line 1002.


Package hyperref Warning: Token not allowed in a PDF string (PDFDocEncoding):
(hyperref)                removing `superscript' on input line 1002.


Package hyperref Warning: Token not allowed in a PDF string (PDFDocEncoding):
(hyperref)                removing `\circ' on input line 1002.


Package hyperref Warning: Token not allowed in a PDF string (PDFDocEncoding):
(hyperref)                removing `math shift' on input line 1002.

<E:/07. Master_Degree_ITC+UGA/02. ENES3_SGB_UGA/02. New Technology/PEMFC/C5/Que
stion_3.png, id=501, 722.7pt x 578.16pt>
File: E:/07. Master_Degree_ITC+UGA/02. ENES3_SGB_UGA/02. New Technology/PEMFC/C
5/Question_3.png Graphic file (type png)
<use E:/07. Master_Degree_ITC+UGA/02. ENES3_SGB_UGA/02. New Technology/PEMFC/C5
/Question_3.png>
Package pdftex.def Info: E:/07. Master_Degree_ITC+UGA/02. ENES3_SGB_UGA/02. New
 Technology/PEMFC/C5/Question_3.png  used on input line 1005.
(pdftex.def)             Requested size: 302.13773pt x 241.70514pt.
[30 <e:/07. Master_Degree_ITC+UGA/02. ENES3_SGB_UGA/02. New Technology/PEMFC/C4
/Question_3.png> <e:/07. Master_Degree_ITC+UGA/02. ENES3_SGB_UGA/02. New Techno
logy/PEMFC/C5/Question_3.png>]
<E:/07. Master_Degree_ITC+UGA/02. ENES3_SGB_UGA/02. New Technology/PEMFC/C5/Hyd
rogen_Mass_and_Efficiency.png, id=510, 722.7pt x 578.16pt>
File: E:/07. Master_Degree_ITC+UGA/02. ENES3_SGB_UGA/02. New Technology/PEMFC/C
5/Hydrogen_Mass_and_Efficiency.png Graphic file (type png)
<use E:/07. Master_Degree_ITC+UGA/02. ENES3_SGB_UGA/02. New Technology/PEMFC/C5
/Hydrogen_Mass_and_Efficiency.png>
Package pdftex.def Info: E:/07. Master_Degree_ITC+UGA/02. ENES3_SGB_UGA/02. New
 Technology/PEMFC/C5/Hydrogen_Mass_and_Efficiency.png  used on input line 1012.

(pdftex.def)             Requested size: 302.13773pt x 241.70514pt.


Package hyperref Warning: Token not allowed in a PDF string (PDFDocEncoding):
(hyperref)                removing `math shift' on input line 1017.


Package hyperref Warning: Token not allowed in a PDF string (PDFDocEncoding):
(hyperref)                removing `\alpha' on input line 1017.


Package hyperref Warning: Token not allowed in a PDF string (PDFDocEncoding):
(hyperref)                removing `superscript' on input line 1017.


Package hyperref Warning: Token not allowed in a PDF string (PDFDocEncoding):
(hyperref)                removing `\circ' on input line 1017.


Package hyperref Warning: Token not allowed in a PDF string (PDFDocEncoding):
(hyperref)                removing `math shift' on input line 1017.

<E:/07. Master_Degree_ITC+UGA/02. ENES3_SGB_UGA/02. New Technology/PEMFC/C6/Que
stion_3.png, id=511, 722.7pt x 578.16pt>
File: E:/07. Master_Degree_ITC+UGA/02. ENES3_SGB_UGA/02. New Technology/PEMFC/C
6/Question_3.png Graphic file (type png)
<use E:/07. Master_Degree_ITC+UGA/02. ENES3_SGB_UGA/02. New Technology/PEMFC/C6
/Question_3.png>
Package pdftex.def Info: E:/07. Master_Degree_ITC+UGA/02. ENES3_SGB_UGA/02. New
 Technology/PEMFC/C6/Question_3.png  used on input line 1020.
(pdftex.def)             Requested size: 302.13773pt x 241.70514pt.
[31 <e:/07. Master_Degree_ITC+UGA/02. ENES3_SGB_UGA/02. New Technology/PEMFC/C5
/Hydrogen_Mass_and_Efficiency.png> <e:/07. Master_Degree_ITC+UGA/02. ENES3_SGB_
UGA/02. New Technology/PEMFC/C6/Question_3.png>]
<E:/07. Master_Degree_ITC+UGA/02. ENES3_SGB_UGA/02. New Technology/PEMFC/C6/Hyd
rogen_Mass_and_Efficiency.png, id=521, 722.7pt x 578.16pt>
File: E:/07. Master_Degree_ITC+UGA/02. ENES3_SGB_UGA/02. New Technology/PEMFC/C
6/Hydrogen_Mass_and_Efficiency.png Graphic file (type png)
<use E:/07. Master_Degree_ITC+UGA/02. ENES3_SGB_UGA/02. New Technology/PEMFC/C6
/Hydrogen_Mass_and_Efficiency.png>
Package pdftex.def Info: E:/07. Master_Degree_ITC+UGA/02. ENES3_SGB_UGA/02. New
 Technology/PEMFC/C6/Hydrogen_Mass_and_Efficiency.png  used on input line 1027.

(pdftex.def)             Requested size: 453.19891pt x 362.55772pt.

! Missing \endcsname inserted.
<to be read again> 
                   \protect 
l.1036 \section{\underline{Conclusion}}
                                       
The control sequence marked <to be read again> should
not appear between \csname and \endcsname.

! Missing number, treated as zero.
<to be read again> 
                   \c@ 
l.1036 \section{\underline{Conclusion}}
                                       
A number should have been here; I inserted `0'.
(If you can't figure out why I needed to see a number,
look up `weird error' in the index to The TeXbook.)

! Extra \endcsname.
\Roman ...andafter \@Roman \csname c@#1\endcsname 
                                                  
l.1036 \section{\underline{Conclusion}}
                                       
I'm ignoring this, since I wasn't doing a \csname.


Package hyperref Warning: Token not allowed in a PDF string (PDFDocEncoding):
(hyperref)                removing `math shift' on input line 1036.


Package hyperref Warning: Token not allowed in a PDF string (PDFDocEncoding):
(hyperref)                removing `\@@underline' on input line 1036.


Package hyperref Warning: Token not allowed in a PDF string (PDFDocEncoding):
(hyperref)                removing `\hbox' on input line 1036.


Package hyperref Warning: Token not allowed in a PDF string (PDFDocEncoding):
(hyperref)                removing `\mathsurround' on input line 1036.


Package hyperref Warning: Token not allowed in a PDF string (PDFDocEncoding):
(hyperref)                removing `\z@' on input line 1036.


Package hyperref Warning: Token not allowed in a PDF string (PDFDocEncoding):
(hyperref)                removing `math shift' on input line 1036.

[32 <e:/07. Master_Degree_ITC+UGA/02. ENES3_SGB_UGA/02. New Technology/PEMFC/C6
/Hydrogen_Mass_and_Efficiency.png>]
! Missing \endcsname inserted.
<to be read again> 
                   \protect 
l.1041 \section*{Code of the report and Exercise}
                                                 
The control sequence marked <to be read again> should
not appear between \csname and \endcsname.

! Missing number, treated as zero.
<to be read again> 
                   \c@ 
l.1041 \section*{Code of the report and Exercise}
                                                 
A number should have been here; I inserted `0'.
(If you can't figure out why I needed to see a number,
look up `weird error' in the index to The TeXbook.)

! Extra \endcsname.
\Roman ...andafter \@Roman \csname c@#1\endcsname 
                                                  
l.1041 \section*{Code of the report and Exercise}
                                                 
I'm ignoring this, since I wasn't doing a \csname.

[33]
Package atveryend Info: Empty hook `BeforeClearDocument' on input line 1044.
Package atveryend Info: Empty hook `AfterLastShipout' on input line 1044.
 (./Report 01.aux)
Package atveryend Info: Executing hook `AtVeryEndDocument' on input line 1044.
Package atveryend Info: Executing hook `AtEndAfterFileList' on input line 1044.

Package rerunfilecheck Info: File `"Report 01".out' has not changed.
(rerunfilecheck)             Checksum: 359F0CA661DE9D62C18D778DB51CE3D2;3004.
Package atveryend Info: Empty hook `AtVeryVeryEnd' on input line 1044.
 )
(\end occurred inside a group at level 1)

### simple group (level 1) entered at line 243 ({)
### bottom level 
Here is how much of TeX's memory you used:
 25143 strings out of 480608
 477731 string characters out of 5907536
 915026 words of memory out of 5000000
 40365 multiletter control sequences out of 15000+600000
 547214 words of font info for 84 fonts, out of 8000000 for 9000
 1141 hyphenation exceptions out of 8191
 68i,14n,71p,1219b,657s stack positions out of 5000i,500n,10000p,200000b,80000s
{c:/texlive/2020/texmf-dist/fonts/enc/dvips/cm-super/cm-super-t
s1.enc}<c:/texlive/2020/texmf-dist/fonts/type1/public/amsfonts/cm/cmbx12.pfb><c
:/texlive/2020/texmf-dist/fonts/type1/public/amsfonts/cm/cmex10.pfb><c:/texlive
/2020/texmf-dist/fonts/type1/public/amsfonts/cm/cmmi10.pfb><c:/texlive/2020/tex
mf-dist/fonts/type1/public/amsfonts/cm/cmmi12.pfb><c:/texlive/2020/texmf-dist/f
onts/type1/public/amsfonts/cm/cmmi6.pfb><c:/texlive/2020/texmf-dist/fonts/type1
/public/amsfonts/cm/cmmi8.pfb><c:/texlive/2020/texmf-dist/fonts/type1/public/am
sfonts/cm/cmr10.pfb><c:/texlive/2020/texmf-dist/fonts/type1/public/amsfonts/cm/
cmr12.pfb><c:/texlive/2020/texmf-dist/fonts/type1/public/amsfonts/cm/cmr6.pfb><
c:/texlive/2020/texmf-dist/fonts/type1/public/amsfonts/cm/cmr8.pfb><c:/texlive/
2020/texmf-dist/fonts/type1/public/amsfonts/cm/cmsy10.pfb><c:/texlive/2020/texm
f-dist/fonts/type1/public/amsfonts/cm/cmsy6.pfb><c:/texlive/2020/texmf-dist/fon
ts/type1/public/amsfonts/cm/cmsy8.pfb><c:/texlive/2020/texmf-dist/fonts/type1/p
ublic/amsfonts/cm/cmti12.pfb><c:/texlive/2020/texmf-dist/fonts/type1/public/ams
fonts/cm/cmtt12.pfb><c:/texlive/2020/texmf-dist/fonts/type1/public/amsfonts/sym
bols/msbm10.pfb><c:/texlive/2020/texmf-dist/fonts/type1/public/rsfs/rsfs10.pfb>
<c:/texlive/2020/texmf-dist/fonts/type1/public/cm-super/sfrm1200.pfb>
Output written on "Report 01.pdf" (33 pages, 7028125 bytes).
PDF statistics:
 621 PDF objects out of 1000 (max. 8388607)
 496 compressed objects within 5 object streams
 130 named destinations out of 1000 (max. 500000)
 375 words of extra memory for PDF output out of 10000 (max. 10000000)

